<?xml version="1.0" encoding="UTF-8"?>
<coverage generated="1751405259964" clover="3.2.0">
  <project timestamp="1751405259964" name="All files">
    <metrics statements="384" coveredstatements="362" conditionals="243" coveredconditionals="204" methods="127" coveredmethods="116" elements="754" coveredelements="682" complexity="0" loc="384" ncloc="384" packages="28" files="28" classes="28"/>
    <package name="src">
      <metrics statements="14" coveredstatements="14" conditionals="5" coveredconditionals="5" methods="5" coveredmethods="5"/>
      <file name="App.tsx" path="C:\Users\Andrey Desktop\atomic-planning\src\App.tsx">
        <metrics statements="14" coveredstatements="14" conditionals="5" coveredconditionals="5" methods="5" coveredmethods="5"/>
        <line num="9" count="5" type="stmt"/>
        <line num="11" count="5" type="stmt"/>
        <line num="13" count="5" type="stmt"/>
        <line num="14" count="5" type="stmt"/>
        <line num="16" count="3" type="cond" truecount="5" falsecount="0"/>
        <line num="17" count="2" type="stmt"/>
        <line num="19" count="2" type="stmt"/>
        <line num="20" count="2" type="stmt"/>
        <line num="21" count="1" type="stmt"/>
        <line num="23" count="1" type="stmt"/>
        <line num="28" count="5" type="stmt"/>
        <line num="30" count="5" type="stmt"/>
        <line num="31" count="5" type="stmt"/>
        <line num="36" count="5" type="stmt"/>
      </file>
    </package>
    <package name="src.components.1-atoms.Button">
      <metrics statements="3" coveredstatements="3" conditionals="1" coveredconditionals="1" methods="1" coveredmethods="1"/>
      <file name="button.component.tsx" path="C:\Users\Andrey Desktop\atomic-planning\src\components\1-atoms\Button\button.component.tsx">
        <metrics statements="3" coveredstatements="3" conditionals="1" coveredconditionals="1" methods="1" coveredmethods="1"/>
        <line num="11" count="7" type="stmt"/>
        <line num="17" count="71" type="stmt"/>
        <line num="19" count="71" type="stmt"/>
      </file>
    </package>
    <package name="src.components.1-atoms.Card">
      <metrics statements="2" coveredstatements="2" conditionals="0" coveredconditionals="0" methods="1" coveredmethods="1"/>
      <file name="card.component.tsx" path="C:\Users\Andrey Desktop\atomic-planning\src\components\1-atoms\Card\card.component.tsx">
        <metrics statements="2" coveredstatements="2" conditionals="0" coveredconditionals="0" methods="1" coveredmethods="1"/>
        <line num="9" count="2" type="stmt"/>
        <line num="10" count="13" type="stmt"/>
      </file>
    </package>
    <package name="src.components.1-atoms.EmptySeat">
      <metrics statements="2" coveredstatements="2" conditionals="0" coveredconditionals="0" methods="1" coveredmethods="1"/>
      <file name="empty-seat.component.tsx" path="C:\Users\Andrey Desktop\atomic-planning\src\components\1-atoms\EmptySeat\empty-seat.component.tsx">
        <metrics statements="2" coveredstatements="2" conditionals="0" coveredconditionals="0" methods="1" coveredmethods="1"/>
        <line num="6" count="2" type="stmt"/>
        <line num="7" count="49" type="stmt"/>
      </file>
    </package>
    <package name="src.components.1-atoms.Input">
      <metrics statements="3" coveredstatements="3" conditionals="4" coveredconditionals="4" methods="1" coveredmethods="1"/>
      <file name="input.component.tsx" path="C:\Users\Andrey Desktop\atomic-planning\src\components\1-atoms\Input\input.component.tsx">
        <metrics statements="3" coveredstatements="3" conditionals="4" coveredconditionals="4" methods="1" coveredmethods="1"/>
        <line num="10" count="4" type="stmt"/>
        <line num="11" count="42" type="cond" truecount="2" falsecount="0"/>
        <line num="13" count="42" type="stmt"/>
      </file>
    </package>
    <package name="src.components.1-atoms.Logo">
      <metrics statements="5" coveredstatements="5" conditionals="4" coveredconditionals="3" methods="2" coveredmethods="2"/>
      <file name="logo.component.tsx" path="C:\Users\Andrey Desktop\atomic-planning\src\components\1-atoms\Logo\logo.component.tsx">
        <metrics statements="5" coveredstatements="5" conditionals="4" coveredconditionals="3" methods="2" coveredmethods="2"/>
        <line num="13" count="2" type="cond" truecount="0" falsecount="1"/>
        <line num="14" count="15" type="stmt"/>
        <line num="106" count="2" type="cond" truecount="1" falsecount="0"/>
        <line num="107" count="15" type="stmt"/>
        <line num="109" count="15" type="stmt"/>
      </file>
    </package>
    <package name="src.components.1-atoms.PokerCard">
      <metrics statements="4" coveredstatements="4" conditionals="2" coveredconditionals="2" methods="2" coveredmethods="2"/>
      <file name="poker-card.component.tsx" path="C:\Users\Andrey Desktop\atomic-planning\src\components\1-atoms\PokerCard\poker-card.component.tsx">
        <metrics statements="4" coveredstatements="4" conditionals="2" coveredconditionals="2" methods="2" coveredmethods="2"/>
        <line num="13" count="1" type="stmt"/>
        <line num="15" count="5" type="cond" truecount="2" falsecount="0"/>
        <line num="17" count="5" type="stmt"/>
        <line num="18" count="1" type="stmt"/>
      </file>
    </package>
    <package name="src.components.2-molecules.InputField">
      <metrics statements="6" coveredstatements="6" conditionals="8" coveredconditionals="8" methods="1" coveredmethods="1"/>
      <file name="input-field.component.tsx" path="C:\Users\Andrey Desktop\atomic-planning\src\components\2-molecules\InputField\input-field.component.tsx">
        <metrics statements="6" coveredstatements="6" conditionals="8" coveredconditionals="8" methods="1" coveredmethods="1"/>
        <line num="38" count="3" type="stmt"/>
        <line num="39" count="34" type="stmt"/>
        <line num="40" count="34" type="cond" truecount="2" falsecount="0"/>
        <line num="41" count="34" type="stmt"/>
        <line num="43" count="34" type="cond" truecount="2" falsecount="0"/>
        <line num="45" count="34" type="stmt"/>
      </file>
    </package>
    <package name="src.components.2-molecules.PlayerCard">
      <metrics statements="6" coveredstatements="6" conditionals="11" coveredconditionals="11" methods="2" coveredmethods="2"/>
      <file name="player-card.component.tsx" path="C:\Users\Andrey Desktop\atomic-planning\src\components\2-molecules\PlayerCard\player-card.component.tsx">
        <metrics statements="6" coveredstatements="6" conditionals="11" coveredconditionals="11" methods="2" coveredmethods="2"/>
        <line num="12" count="2" type="stmt"/>
        <line num="13" count="32" type="stmt"/>
        <line num="14" count="16" type="stmt"/>
        <line num="15" count="16" type="stmt"/>
        <line num="17" count="16" type="stmt"/>
        <line num="21" count="16" type="stmt"/>
      </file>
    </package>
    <package name="src.components.2-molecules.PlayerSeat">
      <metrics statements="8" coveredstatements="8" conditionals="13" coveredconditionals="12" methods="3" coveredmethods="3"/>
      <file name="player-seat.component.tsx" path="C:\Users\Andrey Desktop\atomic-planning\src\components\2-molecules\PlayerSeat\player-seat.component.tsx">
        <metrics statements="8" coveredstatements="8" conditionals="13" coveredconditionals="12" methods="3" coveredmethods="3"/>
        <line num="12" count="2" type="cond" truecount="0" falsecount="1"/>
        <line num="13" count="19" type="stmt"/>
        <line num="15" count="2" type="stmt"/>
        <line num="17" count="42" type="stmt"/>
        <line num="20" count="21" type="stmt"/>
        <line num="22" count="21" type="stmt"/>
        <line num="23" count="21" type="cond" truecount="2" falsecount="0"/>
        <line num="27" count="21" type="stmt"/>
      </file>
    </package>
    <package name="src.components.2-molecules.RoleSelector">
      <metrics statements="4" coveredstatements="3" conditionals="0" coveredconditionals="0" methods="3" coveredmethods="2"/>
      <file name="role-selector.component.tsx" path="C:\Users\Andrey Desktop\atomic-planning\src\components\2-molecules\RoleSelector\role-selector.component.tsx">
        <metrics statements="4" coveredstatements="3" conditionals="0" coveredconditionals="0" methods="3" coveredmethods="2"/>
        <line num="12" count="2" type="stmt"/>
        <line num="16" count="15" type="stmt"/>
        <line num="24" count="0" type="stmt"/>
        <line num="35" count="1" type="stmt"/>
      </file>
    </package>
    <package name="src.components.2-molecules.VoteCounterAnimation">
      <metrics statements="2" coveredstatements="2" conditionals="0" coveredconditionals="0" methods="1" coveredmethods="1"/>
      <file name="vote-counter-animation.component.tsx" path="C:\Users\Andrey Desktop\atomic-planning\src\components\2-molecules\VoteCounterAnimation\vote-counter-animation.component.tsx">
        <metrics statements="2" coveredstatements="2" conditionals="0" coveredconditionals="0" methods="1" coveredmethods="1"/>
        <line num="6" count="1" type="stmt"/>
        <line num="7" count="4" type="stmt"/>
      </file>
    </package>
    <package name="src.components.2-molecules.VoteSummary">
      <metrics statements="29" coveredstatements="29" conditionals="20" coveredconditionals="19" methods="11" coveredmethods="11"/>
      <file name="vote-summary.component.tsx" path="C:\Users\Andrey Desktop\atomic-planning\src\components\2-molecules\VoteSummary\vote-summary.component.tsx">
        <metrics statements="29" coveredstatements="29" conditionals="20" coveredconditionals="19" methods="11" coveredmethods="11"/>
        <line num="7" count="1" type="stmt"/>
        <line num="8" count="4" type="stmt"/>
        <line num="9" count="15" type="stmt"/>
        <line num="10" count="15" type="cond" truecount="2" falsecount="0"/>
        <line num="11" count="8" type="stmt"/>
        <line num="13" count="4" type="cond" truecount="2" falsecount="0"/>
        <line num="15" count="8" type="stmt"/>
        <line num="16" count="3" type="stmt"/>
        <line num="18" count="3" type="stmt"/>
        <line num="23" count="1" type="stmt"/>
        <line num="24" count="4" type="stmt"/>
        <line num="27" count="4" type="stmt"/>
        <line num="28" count="15" type="cond" truecount="2" falsecount="0"/>
        <line num="29" count="13" type="cond" truecount="2" falsecount="0"/>
        <line num="34" count="11" type="stmt"/>
        <line num="40" count="4" type="stmt"/>
        <line num="41" count="7" type="stmt"/>
        <line num="42" count="7" type="stmt"/>
        <line num="44" count="7" type="cond" truecount="4" falsecount="0"/>
        <line num="45" count="3" type="stmt"/>
        <line num="47" count="4" type="cond" truecount="1" falsecount="1"/>
        <line num="48" count="4" type="cond" truecount="2" falsecount="0"/>
        <line num="49" count="1" type="stmt"/>
        <line num="52" count="4" type="stmt"/>
        <line num="55" count="1" type="stmt"/>
        <line num="56" count="4" type="stmt"/>
        <line num="57" count="4" type="stmt"/>
        <line num="59" count="4" type="stmt"/>
        <line num="63" count="11" type="stmt"/>
      </file>
    </package>
    <package name="src.components.3-organisms.CreateGameForm">
      <metrics statements="17" coveredstatements="15" conditionals="4" coveredconditionals="3" methods="3" coveredmethods="3"/>
      <file name="create-game-form.component.tsx" path="C:\Users\Andrey Desktop\atomic-planning\src\components\3-organisms\CreateGameForm\create-game-form.component.tsx">
        <metrics statements="17" coveredstatements="15" conditionals="4" coveredconditionals="3" methods="3" coveredmethods="3"/>
        <line num="11" count="1" type="stmt"/>
        <line num="12" count="10" type="stmt"/>
        <line num="14" count="10" type="stmt"/>
        <line num="15" count="10" type="stmt"/>
        <line num="17" count="10" type="stmt"/>
        <line num="18" count="4" type="stmt"/>
        <line num="19" count="4" type="stmt"/>
        <line num="20" count="4" type="stmt"/>
        <line num="23" count="10" type="stmt"/>
        <line num="24" count="1" type="stmt"/>
        <line num="25" count="1" type="stmt"/>
        <line num="26" count="1" type="cond" truecount="1" falsecount="1"/>
        <line num="27" count="0" type="stmt"/>
        <line num="28" count="0" type="stmt"/>
        <line num="30" count="1" type="stmt"/>
        <line num="33" count="10" type="cond" truecount="2" falsecount="0"/>
        <line num="35" count="10" type="stmt"/>
      </file>
    </package>
    <package name="src.components.3-organisms.GameHeader">
      <metrics statements="19" coveredstatements="16" conditionals="17" coveredconditionals="14" methods="8" coveredmethods="5"/>
      <file name="game-header.component.tsx" path="C:\Users\Andrey Desktop\atomic-planning\src\components\3-organisms\GameHeader\game-header.component.tsx">
        <metrics statements="19" coveredstatements="16" conditionals="17" coveredconditionals="14" methods="8" coveredmethods="5"/>
        <line num="10" count="1" type="cond" truecount="0" falsecount="1"/>
        <line num="11" count="12" type="stmt"/>
        <line num="13" count="1" type="stmt"/>
        <line num="14" count="12" type="stmt"/>
        <line num="15" count="12" type="stmt"/>
        <line num="16" count="12" type="stmt"/>
        <line num="19" count="12" type="stmt"/>
        <line num="20" count="21" type="stmt"/>
        <line num="23" count="12" type="stmt"/>
        <line num="26" count="12" type="stmt"/>
        <line num="27" count="2" type="cond" truecount="1" falsecount="1"/>
        <line num="29" count="2" type="cond" truecount="2" falsecount="0"/>
        <line num="31" count="1" type="stmt"/>
        <line num="34" count="1" type="stmt"/>
        <line num="38" count="12" type="stmt"/>
        <line num="64" count="1" type="stmt"/>
        <line num="72" count="0" type="stmt"/>
        <line num="76" count="0" type="stmt"/>
        <line num="81" count="0" type="stmt"/>
      </file>
    </package>
    <package name="src.components.3-organisms.Header">
      <metrics statements="0" coveredstatements="0" conditionals="0" coveredconditionals="0" methods="0" coveredmethods="0"/>
      <file name="header.component.tsx" path="C:\Users\Andrey Desktop\atomic-planning\src\components\3-organisms\Header\header.component.tsx">
        <metrics statements="0" coveredstatements="0" conditionals="0" coveredconditionals="0" methods="0" coveredmethods="0"/>
      </file>
    </package>
    <package name="src.components.3-organisms.HostPrivilegesModal">
      <metrics statements="40" coveredstatements="38" conditionals="16" coveredconditionals="10" methods="11" coveredmethods="10"/>
      <file name="host-privileges-modal.component.tsx" path="C:\Users\Andrey Desktop\atomic-planning\src\components\3-organisms\HostPrivilegesModal\host-privileges-modal.component.tsx">
        <metrics statements="40" coveredstatements="38" conditionals="16" coveredconditionals="10" methods="11" coveredmethods="10"/>
        <line num="164" count="1" type="stmt"/>
        <line num="165" count="1" type="stmt"/>
        <line num="166" count="1" type="stmt"/>
        <line num="167" count="3" type="stmt"/>
        <line num="168" count="3" type="stmt"/>
        <line num="169" count="32" type="stmt"/>
        <line num="170" count="32" type="stmt"/>
        <line num="172" count="3" type="stmt"/>
        <line num="175" count="1" type="stmt"/>
        <line num="178" count="11" type="stmt"/>
        <line num="184" count="19" type="stmt"/>
        <line num="186" count="11" type="stmt"/>
        <line num="187" count="11" type="stmt"/>
        <line num="189" count="11" type="stmt"/>
        <line num="190" count="2" type="stmt"/>
        <line num="191" count="2" type="stmt"/>
        <line num="192" count="2" type="stmt"/>
        <line num="195" count="11" type="stmt"/>
        <line num="196" count="1" type="stmt"/>
        <line num="197" count="1" type="stmt"/>
        <line num="198" count="1" type="stmt"/>
        <line num="199" count="1" type="stmt"/>
        <line num="200" count="1" type="stmt"/>
        <line num="201" count="1" type="stmt"/>
        <line num="202" count="1" type="stmt"/>
        <line num="206" count="11" type="stmt"/>
        <line num="207" count="0" type="cond" truecount="0" falsecount="2"/>
        <line num="208" count="0" type="stmt"/>
        <line num="214" count="11" type="stmt"/>
        <line num="215" count="1" type="stmt"/>
        <line num="216" count="1" type="cond" truecount="1" falsecount="1"/>
        <line num="217" count="1" type="stmt"/>
        <line num="219" count="1" type="stmt"/>
        <line num="222" count="11" type="stmt"/>
        <line num="224" count="11" type="cond" truecount="1" falsecount="1"/>
        <line num="226" count="11" type="stmt"/>
        <line num="241" count="132" type="stmt"/>
        <line num="245" count="2" type="stmt"/>
        <line num="282" count="1" type="stmt"/>
        <line num="285" count="18" type="stmt"/>
      </file>
    </package>
    <package name="src.components.3-organisms.InviteModal">
      <metrics statements="11" coveredstatements="10" conditionals="2" coveredconditionals="1" methods="7" coveredmethods="5"/>
      <file name="invite-modal.component.tsx" path="C:\Users\Andrey Desktop\atomic-planning\src\components\3-organisms\InviteModal\invite-modal.component.tsx">
        <metrics statements="11" coveredstatements="10" conditionals="2" coveredconditionals="1" methods="7" coveredmethods="5"/>
        <line num="12" count="1" type="stmt"/>
        <line num="13" count="3" type="stmt"/>
        <line num="14" count="6" type="stmt"/>
        <line num="17" count="3" type="stmt"/>
        <line num="19" count="3" type="stmt"/>
        <line num="20" count="1" type="stmt"/>
        <line num="21" count="1" type="stmt"/>
        <line num="22" count="1" type="stmt"/>
        <line num="24" count="0" type="stmt"/>
        <line num="28" count="3" type="stmt"/>
        <line num="30" count="2" type="stmt"/>
      </file>
    </package>
    <package name="src.components.3-organisms.JoinGameForm">
      <metrics statements="20" coveredstatements="18" conditionals="4" coveredconditionals="3" methods="5" coveredmethods="5"/>
      <file name="join-game-form.component.tsx" path="C:\Users\Andrey Desktop\atomic-planning\src\components\3-organisms\JoinGameForm\join-game-form.component.tsx">
        <metrics statements="20" coveredstatements="18" conditionals="4" coveredconditionals="3" methods="5" coveredmethods="5"/>
        <line num="15" count="1" type="stmt"/>
        <line num="16" count="10" type="stmt"/>
        <line num="18" count="16" type="stmt"/>
        <line num="19" count="11" type="stmt"/>
        <line num="21" count="10" type="stmt"/>
        <line num="22" count="10" type="stmt"/>
        <line num="24" count="10" type="stmt"/>
        <line num="27" count="10" type="stmt"/>
        <line num="28" count="4" type="stmt"/>
        <line num="29" count="4" type="stmt"/>
        <line num="31" count="4" type="stmt"/>
        <line num="34" count="10" type="stmt"/>
        <line num="35" count="1" type="stmt"/>
        <line num="37" count="1" type="stmt"/>
        <line num="38" count="1" type="cond" truecount="1" falsecount="1"/>
        <line num="39" count="0" type="stmt"/>
        <line num="40" count="0" type="stmt"/>
        <line num="43" count="1" type="stmt"/>
        <line num="47" count="10" type="cond" truecount="2" falsecount="0"/>
        <line num="49" count="10" type="stmt"/>
      </file>
    </package>
    <package name="src.components.3-organisms.RoleChangeModal">
      <metrics statements="11" coveredstatements="11" conditionals="6" coveredconditionals="6" methods="4" coveredmethods="4"/>
      <file name="role-change-modal.component.tsx" path="C:\Users\Andrey Desktop\atomic-planning\src\components\3-organisms\RoleChangeModal\role-change-modal.component.tsx">
        <metrics statements="11" coveredstatements="11" conditionals="6" coveredconditionals="6" methods="4" coveredmethods="4"/>
        <line num="12" count="1" type="stmt"/>
        <line num="13" count="5" type="stmt"/>
        <line num="14" count="10" type="stmt"/>
        <line num="16" count="5" type="cond" truecount="2" falsecount="0"/>
        <line num="19" count="4" type="cond" truecount="2" falsecount="0"/>
        <line num="20" count="4" type="cond" truecount="2" falsecount="0"/>
        <line num="22" count="4" type="stmt"/>
        <line num="23" count="1" type="stmt"/>
        <line num="24" count="1" type="stmt"/>
        <line num="27" count="4" type="stmt"/>
        <line num="30" count="2" type="stmt"/>
      </file>
    </package>
    <package name="src.components.4-templates.GameRoom">
      <metrics statements="41" coveredstatements="40" conditionals="35" coveredconditionals="32" methods="14" coveredmethods="13"/>
      <file name="game-room.component.tsx" path="C:\Users\Andrey Desktop\atomic-planning\src\components\4-templates\GameRoom\game-room.component.tsx">
        <metrics statements="41" coveredstatements="40" conditionals="35" coveredconditionals="32" methods="14" coveredmethods="13"/>
        <line num="22" count="1" type="stmt"/>
        <line num="24" count="11" type="stmt"/>
        <line num="32" count="19" type="stmt"/>
        <line num="33" count="11" type="stmt"/>
        <line num="34" count="11" type="stmt"/>
        <line num="35" count="11" type="stmt"/>
        <line num="36" count="6" type="cond" truecount="2" falsecount="0"/>
        <line num="37" count="2" type="stmt"/>
        <line num="38" count="0" type="stmt"/>
        <line num="40" count="2" type="stmt"/>
        <line num="43" count="11" type="stmt"/>
        <line num="44" count="6" type="cond" truecount="2" falsecount="0"/>
        <line num="45" count="5" type="stmt"/>
        <line num="48" count="11" type="stmt"/>
        <line num="49" count="1" type="cond" truecount="4" falsecount="1"/>
        <line num="50" count="1" type="stmt"/>
        <line num="51" count="1" type="stmt"/>
        <line num="53" count="11" type="stmt"/>
        <line num="54" count="17" type="stmt"/>
        <line num="55" count="11" type="cond" truecount="4" falsecount="0"/>
        <line num="56" count="11" type="cond" truecount="3" falsecount="0"/>
        <line num="57" count="11" type="stmt"/>
        <line num="58" count="11" type="stmt"/>
        <line num="59" count="11" type="stmt"/>
        <line num="60" count="11" type="stmt"/>
        <line num="61" count="22" type="cond" truecount="2" falsecount="0"/>
        <line num="63" count="11" type="stmt"/>
        <line num="64" count="11" type="cond" truecount="1" falsecount="1"/>
        <line num="65" count="11" type="stmt"/>
        <line num="74" count="11" type="stmt"/>
        <line num="75" count="11" type="stmt"/>
        <line num="76" count="11" type="cond" truecount="1" falsecount="1"/>
        <line num="77" count="11" type="stmt"/>
        <line num="84" count="11" type="stmt"/>
        <line num="85" count="88" type="cond" truecount="2" falsecount="0"/>
        <line num="86" count="66" type="stmt"/>
        <line num="95" count="11" type="stmt"/>
        <line num="101" count="1" type="stmt"/>
        <line num="108" count="1" type="stmt"/>
        <line num="128" count="21" type="stmt"/>
        <line num="132" count="1" type="stmt"/>
      </file>
    </package>
    <package name="src.components.4-templates.MainLayout">
      <metrics statements="2" coveredstatements="2" conditionals="0" coveredconditionals="0" methods="1" coveredmethods="1"/>
      <file name="main-layout.component.tsx" path="C:\Users\Andrey Desktop\atomic-planning\src\components\4-templates\MainLayout\main-layout.component.tsx">
        <metrics statements="2" coveredstatements="2" conditionals="0" coveredconditionals="0" methods="1" coveredmethods="1"/>
        <line num="10" count="1" type="stmt"/>
        <line num="11" count="2" type="stmt"/>
      </file>
    </package>
    <package name="src.components.5-pages.HomePage">
      <metrics statements="28" coveredstatements="27" conditionals="19" coveredconditionals="17" methods="9" coveredmethods="8"/>
      <file name="home-page.component.tsx" path="C:\Users\Andrey Desktop\atomic-planning\src\components\5-pages\HomePage\home-page.component.tsx">
        <metrics statements="28" coveredstatements="27" conditionals="19" coveredconditionals="17" methods="9" coveredmethods="8"/>
        <line num="14" count="1" type="stmt"/>
        <line num="15" count="2" type="stmt"/>
        <line num="16" count="2" type="stmt"/>
        <line num="18" count="2" type="stmt"/>
        <line num="19" count="2" type="stmt"/>
        <line num="20" count="1" type="stmt"/>
        <line num="21" count="1" type="stmt"/>
        <line num="22" count="1" type="stmt"/>
        <line num="24" count="1" type="stmt"/>
        <line num="26" count="2" type="stmt"/>
        <line num="29" count="2" type="stmt"/>
        <line num="37" count="1" type="stmt"/>
        <line num="39" count="12" type="stmt"/>
        <line num="42" count="6" type="stmt"/>
        <line num="44" count="6" type="cond" truecount="4" falsecount="0"/>
        <line num="47" count="1" type="stmt"/>
        <line num="48" count="5" type="cond" truecount="4" falsecount="0"/>
        <line num="51" count="1" type="stmt"/>
        <line num="52" count="4" type="cond" truecount="4" falsecount="0"/>
        <line num="54" count="2" type="stmt"/>
        <line num="58" count="6" type="stmt"/>
        <line num="59" count="6" type="cond" truecount="4" falsecount="1"/>
        <line num="61" count="2" type="stmt"/>
        <line num="63" count="2" type="stmt"/>
        <line num="65" count="1" type="stmt"/>
        <line num="72" count="1" type="stmt"/>
        <line num="75" count="0" type="stmt"/>
        <line num="79" count="6" type="stmt"/>
      </file>
    </package>
    <package name="src.hooks">
      <metrics statements="2" coveredstatements="2" conditionals="0" coveredconditionals="0" methods="0" coveredmethods="0"/>
      <file name="redux-hooks.ts" path="C:\Users\Andrey Desktop\atomic-planning\src\hooks\redux-hooks.ts">
        <metrics statements="2" coveredstatements="2" conditionals="0" coveredconditionals="0" methods="0" coveredmethods="0"/>
        <line num="7" count="10" type="stmt"/>
        <line num="8" count="10" type="stmt"/>
      </file>
    </package>
    <package name="src.store">
      <metrics statements="18" coveredstatements="15" conditionals="10" coveredconditionals="5" methods="3" coveredmethods="3"/>
      <file name="store.ts" path="C:\Users\Andrey Desktop\atomic-planning\src\store\store.ts">
        <metrics statements="18" coveredstatements="15" conditionals="10" coveredconditionals="5" methods="3" coveredmethods="3"/>
        <line num="9" count="1" type="stmt"/>
        <line num="10" count="1" type="stmt"/>
        <line num="11" count="1" type="stmt"/>
        <line num="12" count="1" type="cond" truecount="1" falsecount="1"/>
        <line num="14" count="1" type="stmt"/>
        <line num="15" count="1" type="cond" truecount="1" falsecount="1"/>
        <line num="17" count="1" type="stmt"/>
        <line num="21" count="1" type="stmt"/>
        <line num="22" count="1" type="cond" truecount="1" falsecount="1"/>
        <line num="23" count="1" type="stmt"/>
        <line num="24" count="1" type="cond" truecount="1" falsecount="1"/>
        <line num="26" count="0" type="stmt"/>
        <line num="29" count="1" type="stmt"/>
        <line num="32" count="0" type="stmt"/>
        <line num="33" count="0" type="stmt"/>
        <line num="37" count="1" type="stmt"/>
        <line num="39" count="1" type="stmt"/>
        <line num="44" count="1" type="stmt"/>
      </file>
    </package>
    <package name="src.store.middleware">
      <metrics statements="16" coveredstatements="16" conditionals="12" coveredconditionals="11" methods="3" coveredmethods="3"/>
      <file name="localStorage.ts" path="C:\Users\Andrey Desktop\atomic-planning\src\store\middleware\localStorage.ts">
        <metrics statements="16" coveredstatements="16" conditionals="12" coveredconditionals="11" methods="3" coveredmethods="3"/>
        <line num="6" count="9" type="stmt"/>
        <line num="7" count="13" type="stmt"/>
        <line num="9" count="13" type="stmt"/>
        <line num="18" count="13" type="cond" truecount="1" falsecount="1"/>
        <line num="19" count="13" type="cond" truecount="2" falsecount="0"/>
        <line num="20" count="12" type="stmt"/>
        <line num="23" count="12" type="stmt"/>
        <line num="24" count="12" type="stmt"/>
        <line num="25" count="12" type="cond" truecount="2" falsecount="0"/>
        <line num="26" count="9" type="stmt"/>
        <line num="29" count="1" type="stmt"/>
        <line num="33" count="12" type="cond" truecount="4" falsecount="0"/>
        <line num="35" count="4" type="stmt"/>
        <line num="38" count="12" type="cond" truecount="2" falsecount="0"/>
        <line num="40" count="1" type="stmt"/>
        <line num="45" count="13" type="stmt"/>
      </file>
    </package>
    <package name="src.store.slices">
      <metrics statements="44" coveredstatements="38" conditionals="26" coveredconditionals="14" methods="17" coveredmethods="15"/>
      <file name="gameSlice.ts" path="C:\Users\Andrey Desktop\atomic-planning\src\store\slices\gameSlice.ts">
        <metrics statements="44" coveredstatements="38" conditionals="26" coveredconditionals="14" methods="17" coveredmethods="15"/>
        <line num="26" count="12" type="stmt"/>
        <line num="42" count="12" type="stmt"/>
        <line num="54" count="12" type="stmt"/>
        <line num="59" count="2" type="stmt"/>
        <line num="62" count="7" type="stmt"/>
        <line num="63" count="7" type="stmt"/>
        <line num="69" count="10" type="stmt"/>
        <line num="70" count="10" type="stmt"/>
        <line num="75" count="10" type="cond" truecount="2" falsecount="0"/>
        <line num="76" count="9" type="stmt"/>
        <line num="78" count="10" type="stmt"/>
        <line num="79" count="10" type="stmt"/>
        <line num="80" count="10" type="stmt"/>
        <line num="83" count="0" type="stmt"/>
        <line num="84" count="0" type="stmt"/>
        <line num="86" count="0" type="cond" truecount="0" falsecount="2"/>
        <line num="88" count="0" type="stmt"/>
        <line num="93" count="0" type="cond" truecount="0" falsecount="4"/>
        <line num="94" count="0" type="stmt"/>
        <line num="102" count="4" type="stmt"/>
        <line num="103" count="4" type="stmt"/>
        <line num="104" count="4" type="cond" truecount="2" falsecount="0"/>
        <line num="105" count="3" type="stmt"/>
        <line num="107" count="4" type="cond" truecount="4" falsecount="0"/>
        <line num="108" count="3" type="stmt"/>
        <line num="113" count="3" type="cond" truecount="2" falsecount="0"/>
        <line num="114" count="2" type="stmt"/>
        <line num="118" count="1" type="stmt"/>
        <line num="119" count="1" type="cond" truecount="1" falsecount="1"/>
        <line num="120" count="1" type="stmt"/>
        <line num="122" count="1" type="stmt"/>
        <line num="128" count="2" type="stmt"/>
        <line num="131" count="2" type="stmt"/>
        <line num="132" count="2" type="stmt"/>
        <line num="135" count="1" type="stmt"/>
        <line num="136" count="1" type="stmt"/>
        <line num="139" count="2" type="stmt"/>
        <line num="143" count="2" type="stmt"/>
        <line num="144" count="3" type="stmt"/>
        <line num="146" count="2" type="cond" truecount="1" falsecount="1"/>
        <line num="147" count="2" type="stmt"/>
        <line num="149" count="2" type="stmt"/>
        <line num="150" count="2" type="stmt"/>
        <line num="169" count="12" type="stmt"/>
      </file>
    </package>
    <package name="src.utils">
      <metrics statements="27" coveredstatements="27" conditionals="24" coveredconditionals="23" methods="8" coveredmethods="8"/>
      <file name="validators.ts" path="C:\Users\Andrey Desktop\atomic-planning\src\utils\validators.ts">
        <metrics statements="27" coveredstatements="27" conditionals="24" coveredconditionals="23" methods="8" coveredmethods="8"/>
        <line num="4" count="3" type="stmt"/>
        <line num="5" count="15" type="cond" truecount="2" falsecount="0"/>
        <line num="8" count="3" type="stmt"/>
        <line num="9" count="18" type="cond" truecount="3" falsecount="0"/>
        <line num="12" count="3" type="stmt"/>
        <line num="13" count="12" type="cond" truecount="2" falsecount="0"/>
        <line num="16" count="3" type="stmt"/>
        <line num="17" count="11" type="cond" truecount="2" falsecount="0"/>
        <line num="20" count="3" type="stmt"/>
        <line num="21" count="14" type="cond" truecount="2" falsecount="0"/>
        <line num="22" count="14" type="cond" truecount="2" falsecount="0"/>
        <line num="26" count="3" type="stmt"/>
        <line num="27" count="9" type="stmt"/>
        <line num="28" count="17" type="stmt"/>
        <line num="30" count="9" type="cond" truecount="2" falsecount="0"/>
        <line num="40" count="3" type="cond" truecount="1" falsecount="0"/>
        <line num="42" count="14" type="cond" truecount="1" falsecount="1"/>
        <line num="44" count="14" type="stmt"/>
        <line num="52" count="14" type="stmt"/>
        <line num="53" count="53" type="stmt"/>
        <line num="54" count="53" type="cond" truecount="2" falsecount="0"/>
        <line num="55" count="5" type="stmt"/>
        <line num="60" count="9" type="cond" truecount="2" falsecount="0"/>
        <line num="61" count="6" type="stmt"/>
        <line num="62" count="6" type="cond" truecount="2" falsecount="0"/>
        <line num="63" count="2" type="stmt"/>
        <line num="67" count="7" type="stmt"/>
      </file>
    </package>
  </project>
</coverage>
