{"C:\\Users\\Andrey Desktop\\atomic-planning\\src\\App.tsx": {"path":"C:\\Users\\Andrey Desktop\\atomic-planning\\src\\App.tsx","statementMap":{"0":{"start":{"line":9,"column":19},"end":{"line":9,"column":35}},"1":{"start":{"line":11,"column":19},"end":{"line":11,"column":65}},"2":{"start":{"line":11,"column":45},"end":{"line":11,"column":64}},"3":{"start":{"line":13,"column":2},"end":{"line":34,"column":27}},"4":{"start":{"line":14,"column":32},"end":{"line":26,"column":5}},"5":{"start":{"line":16,"column":6},"end":{"line":25,"column":7}},"6":{"start":{"line":17,"column":8},"end":{"line":17,"column":59}},"7":{"start":{"line":19,"column":8},"end":{"line":24,"column":9}},"8":{"start":{"line":20,"column":38},"end":{"line":20,"column":64}},"9":{"start":{"line":21,"column":10},"end":{"line":21,"column":40}},"10":{"start":{"line":23,"column":10},"end":{"line":23,"column":75}},"11":{"start":{"line":28,"column":4},"end":{"line":28,"column":60}},"12":{"start":{"line":30,"column":4},"end":{"line":32,"column":6}},"13":{"start":{"line":31,"column":6},"end":{"line":31,"column":65}},"14":{"start":{"line":36,"column":2},"end":{"line":36,"column":22}}},"fnMap":{"0":{"name":"App","decl":{"start":{"line":8,"column":9},"end":{"line":8,"column":12}},"loc":{"start":{"line":8,"column":15},"end":{"line":37,"column":1}},"line":8},"1":{"name":"(anonymous_1)","decl":{"start":{"line":11,"column":34},"end":{"line":11,"column":35}},"loc":{"start":{"line":11,"column":45},"end":{"line":11,"column":64}},"line":11},"2":{"name":"(anonymous_2)","decl":{"start":{"line":13,"column":12},"end":{"line":13,"column":13}},"loc":{"start":{"line":13,"column":18},"end":{"line":34,"column":3}},"line":13},"3":{"name":"(anonymous_3)","decl":{"start":{"line":14,"column":32},"end":{"line":14,"column":33}},"loc":{"start":{"line":14,"column":57},"end":{"line":26,"column":5}},"line":14},"4":{"name":"(anonymous_4)","decl":{"start":{"line":30,"column":11},"end":{"line":30,"column":12}},"loc":{"start":{"line":30,"column":17},"end":{"line":32,"column":5}},"line":30}},"branchMap":{"0":{"loc":{"start":{"line":16,"column":6},"end":{"line":25,"column":7}},"type":"if","locations":[{"start":{"line":16,"column":6},"end":{"line":25,"column":7}},{"start":{},"end":{}}],"line":16},"1":{"loc":{"start":{"line":16,"column":10},"end":{"line":16,"column":62}},"type":"binary-expr","locations":[{"start":{"line":16,"column":10},"end":{"line":16,"column":18}},{"start":{"line":16,"column":22},"end":{"line":16,"column":44}},{"start":{"line":16,"column":48},"end":{"line":16,"column":62}}],"line":16}},"s":{"0":5,"1":5,"2":5,"3":5,"4":5,"5":3,"6":2,"7":2,"8":2,"9":1,"10":1,"11":5,"12":5,"13":5,"14":5},"f":{"0":5,"1":5,"2":5,"3":3,"4":5},"b":{"0":[2,1],"1":[3,3,2]},"_coverageSchema":"1a1c01bbd47fc00a2c39e90264f33305004495a9","hash":"b2731ea245a6ea06d8f0b684b525634f0ac1cde9"}
,"C:\\Users\\Andrey Desktop\\atomic-planning\\src\\components\\1-atoms\\Button\\button.component.tsx": {"path":"C:\\Users\\Andrey Desktop\\atomic-planning\\src\\components\\1-atoms\\Button\\button.component.tsx","statementMap":{"0":{"start":{"line":11,"column":38},"end":{"line":24,"column":1}},"1":{"start":{"line":17,"column":26},"end":{"line":17,"column":67}},"2":{"start":{"line":19,"column":2},"end":{"line":23,"column":4}}},"fnMap":{"0":{"name":"(anonymous_0)","decl":{"start":{"line":11,"column":38},"end":{"line":11,"column":39}},"loc":{"start":{"line":15,"column":6},"end":{"line":24,"column":1}},"line":15}},"branchMap":{"0":{"loc":{"start":{"line":13,"column":2},"end":{"line":13,"column":19}},"type":"default-arg","locations":[{"start":{"line":13,"column":12},"end":{"line":13,"column":19}}],"line":13}},"s":{"0":7,"1":71,"2":71},"f":{"0":71},"b":{"0":[39]},"_coverageSchema":"1a1c01bbd47fc00a2c39e90264f33305004495a9","hash":"63da66698aa12903d546ebe3ce6f729104805e97"}
,"C:\\Users\\Andrey Desktop\\atomic-planning\\src\\components\\1-atoms\\Card\\card.component.tsx": {"path":"C:\\Users\\Andrey Desktop\\atomic-planning\\src\\components\\1-atoms\\Card\\card.component.tsx","statementMap":{"0":{"start":{"line":9,"column":34},"end":{"line":11,"column":1}},"1":{"start":{"line":10,"column":2},"end":{"line":10,"column":56}}},"fnMap":{"0":{"name":"(anonymous_0)","decl":{"start":{"line":9,"column":34},"end":{"line":9,"column":35}},"loc":{"start":{"line":9,"column":52},"end":{"line":11,"column":1}},"line":9}},"branchMap":{},"s":{"0":2,"1":13},"f":{"0":13},"b":{},"_coverageSchema":"1a1c01bbd47fc00a2c39e90264f33305004495a9","hash":"3c5915acae9aa383dcfd1866dc29256e91837371"}
,"C:\\Users\\Andrey Desktop\\atomic-planning\\src\\components\\1-atoms\\EmptySeat\\empty-seat.component.tsx": {"path":"C:\\Users\\Andrey Desktop\\atomic-planning\\src\\components\\1-atoms\\EmptySeat\\empty-seat.component.tsx","statementMap":{"0":{"start":{"line":6,"column":28},"end":{"line":8,"column":1}},"1":{"start":{"line":7,"column":2},"end":{"line":7,"column":65}}},"fnMap":{"0":{"name":"(anonymous_0)","decl":{"start":{"line":6,"column":28},"end":{"line":6,"column":29}},"loc":{"start":{"line":6,"column":34},"end":{"line":8,"column":1}},"line":6}},"branchMap":{},"s":{"0":2,"1":49},"f":{"0":49},"b":{},"_coverageSchema":"1a1c01bbd47fc00a2c39e90264f33305004495a9","hash":"0709a0b007690368bac459a57ad850cd71e8397e"}
,"C:\\Users\\Andrey Desktop\\atomic-planning\\src\\components\\1-atoms\\Input\\input.component.tsx": {"path":"C:\\Users\\Andrey Desktop\\atomic-planning\\src\\components\\1-atoms\\Input\\input.component.tsx","statementMap":{"0":{"start":{"line":10,"column":36},"end":{"line":20,"column":1}},"1":{"start":{"line":11,"column":20},"end":{"line":11,"column":71}},"2":{"start":{"line":13,"column":2},"end":{"line":19,"column":4}}},"fnMap":{"0":{"name":"(anonymous_0)","decl":{"start":{"line":10,"column":36},"end":{"line":10,"column":37}},"loc":{"start":{"line":10,"column":64},"end":{"line":20,"column":1}},"line":10}},"branchMap":{"0":{"loc":{"start":{"line":11,"column":34},"end":{"line":11,"column":69}},"type":"cond-expr","locations":[{"start":{"line":11,"column":45},"end":{"line":11,"column":64}},{"start":{"line":11,"column":67},"end":{"line":11,"column":69}}],"line":11},"1":{"loc":{"start":{"line":16,"column":20},"end":{"line":16,"column":41}},"type":"binary-expr","locations":[{"start":{"line":16,"column":20},"end":{"line":16,"column":28}},{"start":{"line":16,"column":32},"end":{"line":16,"column":41}}],"line":16}},"s":{"0":4,"1":42,"2":42},"f":{"0":42},"b":{"0":[9,33],"1":[42,33]},"_coverageSchema":"1a1c01bbd47fc00a2c39e90264f33305004495a9","hash":"841b24c566fd45e75c6d3048446bbf5ea325f981"}
,"C:\\Users\\Andrey Desktop\\atomic-planning\\src\\components\\1-atoms\\Logo\\logo.component.tsx": {"path":"C:\\Users\\Andrey Desktop\\atomic-planning\\src\\components\\1-atoms\\Logo\\logo.component.tsx","statementMap":{"0":{"start":{"line":13,"column":46},"end":{"line":96,"column":1}},"1":{"start":{"line":14,"column":2},"end":{"line":95,"column":8}},"2":{"start":{"line":106,"column":34},"end":{"line":114,"column":1}},"3":{"start":{"line":107,"column":19},"end":{"line":107,"column":25}},"4":{"start":{"line":109,"column":2},"end":{"line":113,"column":4}}},"fnMap":{"0":{"name":"(anonymous_0)","decl":{"start":{"line":13,"column":46},"end":{"line":13,"column":47}},"loc":{"start":{"line":14,"column":2},"end":{"line":95,"column":8}},"line":14},"1":{"name":"(anonymous_1)","decl":{"start":{"line":106,"column":34},"end":{"line":106,"column":35}},"loc":{"start":{"line":106,"column":64},"end":{"line":114,"column":1}},"line":106}},"branchMap":{"0":{"loc":{"start":{"line":13,"column":49},"end":{"line":13,"column":64}},"type":"default-arg","locations":[{"start":{"line":13,"column":60},"end":{"line":13,"column":64}}],"line":13},"1":{"loc":{"start":{"line":16,"column":13},"end":{"line":16,"column":53}},"type":"cond-expr","locations":[{"start":{"line":16,"column":24},"end":{"line":16,"column":37}},{"start":{"line":16,"column":40},"end":{"line":16,"column":53}}],"line":16},"2":{"loc":{"start":{"line":106,"column":37},"end":{"line":106,"column":51}},"type":"default-arg","locations":[{"start":{"line":106,"column":44},"end":{"line":106,"column":51}}],"line":106}},"s":{"0":2,"1":15,"2":2,"3":15,"4":15},"f":{"0":15,"1":15},"b":{"0":[0],"1":[1,14],"2":[4]},"_coverageSchema":"1a1c01bbd47fc00a2c39e90264f33305004495a9","hash":"141d451ef3db376622d47084db30c44434de68f6"}
,"C:\\Users\\Andrey Desktop\\atomic-planning\\src\\components\\1-atoms\\PokerCard\\poker-card.component.tsx": {"path":"C:\\Users\\Andrey Desktop\\atomic-planning\\src\\components\\1-atoms\\PokerCard\\poker-card.component.tsx","statementMap":{"0":{"start":{"line":13,"column":44},"end":{"line":22,"column":1}},"1":{"start":{"line":15,"column":24},"end":{"line":15,"column":80}},"2":{"start":{"line":17,"column":2},"end":{"line":21,"column":4}},"3":{"start":{"line":18,"column":53},"end":{"line":18,"column":67}}},"fnMap":{"0":{"name":"(anonymous_0)","decl":{"start":{"line":13,"column":44},"end":{"line":13,"column":45}},"loc":{"start":{"line":13,"column":80},"end":{"line":22,"column":1}},"line":13},"1":{"name":"(anonymous_1)","decl":{"start":{"line":18,"column":47},"end":{"line":18,"column":48}},"loc":{"start":{"line":18,"column":53},"end":{"line":18,"column":67}},"line":18}},"branchMap":{"0":{"loc":{"start":{"line":15,"column":38},"end":{"line":15,"column":78}},"type":"cond-expr","locations":[{"start":{"line":15,"column":51},"end":{"line":15,"column":73}},{"start":{"line":15,"column":76},"end":{"line":15,"column":78}}],"line":15}},"s":{"0":1,"1":5,"2":5,"3":1},"f":{"0":5,"1":1},"b":{"0":[1,4]},"_coverageSchema":"1a1c01bbd47fc00a2c39e90264f33305004495a9","hash":"34dac715635d09099658bc9e426a32c4307459ec"}
,"C:\\Users\\Andrey Desktop\\atomic-planning\\src\\components\\2-molecules\\InputField\\input-field.component.tsx": {"path":"C:\\Users\\Andrey Desktop\\atomic-planning\\src\\components\\2-molecules\\InputField\\input-field.component.tsx","statementMap":{"0":{"start":{"line":38,"column":46},"end":{"line":63,"column":1}},"1":{"start":{"line":39,"column":22},"end":{"line":39,"column":29}},"2":{"start":{"line":40,"column":18},"end":{"line":40,"column":46}},"3":{"start":{"line":41,"column":18},"end":{"line":41,"column":36}},"4":{"start":{"line":43,"column":29},"end":{"line":43,"column":79}},"5":{"start":{"line":45,"column":2},"end":{"line":62,"column":4}}},"fnMap":{"0":{"name":"(anonymous_0)","decl":{"start":{"line":38,"column":46},"end":{"line":38,"column":47}},"loc":{"start":{"line":38,"column":82},"end":{"line":63,"column":1}},"line":38}},"branchMap":{"0":{"loc":{"start":{"line":40,"column":18},"end":{"line":40,"column":46}},"type":"binary-expr","locations":[{"start":{"line":40,"column":18},"end":{"line":40,"column":20}},{"start":{"line":40,"column":24},"end":{"line":40,"column":46}}],"line":40},"1":{"loc":{"start":{"line":43,"column":44},"end":{"line":43,"column":77}},"type":"cond-expr","locations":[{"start":{"line":43,"column":52},"end":{"line":43,"column":72}},{"start":{"line":43,"column":75},"end":{"line":43,"column":77}}],"line":43},"2":{"loc":{"start":{"line":53,"column":26},"end":{"line":53,"column":53}},"type":"cond-expr","locations":[{"start":{"line":53,"column":34},"end":{"line":53,"column":41}},{"start":{"line":53,"column":44},"end":{"line":53,"column":53}}],"line":53},"3":{"loc":{"start":{"line":56,"column":7},"end":{"line":60,"column":7}},"type":"binary-expr","locations":[{"start":{"line":56,"column":7},"end":{"line":56,"column":12}},{"start":{"line":57,"column":8},"end":{"line":59,"column":15}}],"line":56}},"s":{"0":3,"1":34,"2":34,"3":34,"4":34,"5":34},"f":{"0":34},"b":{"0":[34,33],"1":[8,26],"2":[8,26],"3":[34,8]},"_coverageSchema":"1a1c01bbd47fc00a2c39e90264f33305004495a9","hash":"ca525f5a0f8b7566f1521195e3a2d9d7dcfa3444"}
,"C:\\Users\\Andrey Desktop\\atomic-planning\\src\\components\\2-molecules\\PlayerCard\\player-card.component.tsx": {"path":"C:\\Users\\Andrey Desktop\\atomic-planning\\src\\components\\2-molecules\\PlayerCard\\player-card.component.tsx","statementMap":{"0":{"start":{"line":12,"column":46},"end":{"line":34,"column":1}},"1":{"start":{"line":13,"column":17},"end":{"line":13,"column":61}},"2":{"start":{"line":13,"column":43},"end":{"line":13,"column":60}},"3":{"start":{"line":14,"column":30},"end":{"line":14,"column":50}},"4":{"start":{"line":15,"column":19},"end":{"line":15,"column":32}},"5":{"start":{"line":17,"column":33},"end":{"line":19,"column":74}},"6":{"start":{"line":21,"column":2},"end":{"line":33,"column":4}}},"fnMap":{"0":{"name":"(anonymous_0)","decl":{"start":{"line":12,"column":46},"end":{"line":12,"column":47}},"loc":{"start":{"line":12,"column":77},"end":{"line":34,"column":1}},"line":12},"1":{"name":"(anonymous_1)","decl":{"start":{"line":13,"column":32},"end":{"line":13,"column":33}},"loc":{"start":{"line":13,"column":43},"end":{"line":13,"column":60}},"line":13}},"branchMap":{"0":{"loc":{"start":{"line":18,"column":4},"end":{"line":18,"column":50}},"type":"cond-expr","locations":[{"start":{"line":18,"column":15},"end":{"line":18,"column":45}},{"start":{"line":18,"column":48},"end":{"line":18,"column":50}}],"line":18},"1":{"loc":{"start":{"line":19,"column":6},"end":{"line":19,"column":72}},"type":"cond-expr","locations":[{"start":{"line":19,"column":34},"end":{"line":19,"column":67}},{"start":{"line":19,"column":70},"end":{"line":19,"column":72}}],"line":19},"2":{"loc":{"start":{"line":19,"column":6},"end":{"line":19,"column":31}},"type":"binary-expr","locations":[{"start":{"line":19,"column":6},"end":{"line":19,"column":19}},{"start":{"line":19,"column":23},"end":{"line":19,"column":31}}],"line":19},"3":{"loc":{"start":{"line":24,"column":9},"end":{"line":26,"column":9}},"type":"binary-expr","locations":[{"start":{"line":24,"column":9},"end":{"line":24,"column":22}},{"start":{"line":24,"column":26},"end":{"line":24,"column":37}},{"start":{"line":25,"column":10},"end":{"line":25,"column":66}}],"line":24},"4":{"loc":{"start":{"line":30,"column":9},"end":{"line":30,"column":77}},"type":"binary-expr","locations":[{"start":{"line":30,"column":9},"end":{"line":30,"column":28}},{"start":{"line":30,"column":32},"end":{"line":30,"column":77}}],"line":30}},"s":{"0":2,"1":16,"2":32,"3":16,"4":16,"5":16,"6":16},"f":{"0":16,"1":32},"b":{"0":[7,9],"1":[2,14],"2":[16,4],"3":[16,4,2],"4":[16,1]},"_coverageSchema":"1a1c01bbd47fc00a2c39e90264f33305004495a9","hash":"1bce4d607c92e91809f2965d6289479ce58ecf19"}
,"C:\\Users\\Andrey Desktop\\atomic-planning\\src\\components\\2-molecules\\PlayerSeat\\player-seat.component.tsx": {"path":"C:\\Users\\Andrey Desktop\\atomic-planning\\src\\components\\2-molecules\\PlayerSeat\\player-seat.component.tsx","statementMap":{"0":{"start":{"line":12,"column":20},"end":{"line":13,"column":39}},"1":{"start":{"line":13,"column":2},"end":{"line":13,"column":39}},"2":{"start":{"line":15,"column":46},"end":{"line":47,"column":1}},"3":{"start":{"line":17,"column":17},"end":{"line":17,"column":61}},"4":{"start":{"line":17,"column":43},"end":{"line":17,"column":60}},"5":{"start":{"line":20,"column":30},"end":{"line":20,"column":50}},"6":{"start":{"line":22,"column":19},"end":{"line":22,"column":32}},"7":{"start":{"line":23,"column":24},"end":{"line":25,"column":4}},"8":{"start":{"line":27,"column":2},"end":{"line":46,"column":4}}},"fnMap":{"0":{"name":"(anonymous_0)","decl":{"start":{"line":12,"column":20},"end":{"line":12,"column":21}},"loc":{"start":{"line":13,"column":2},"end":{"line":13,"column":39}},"line":13},"1":{"name":"(anonymous_1)","decl":{"start":{"line":15,"column":46},"end":{"line":15,"column":47}},"loc":{"start":{"line":15,"column":77},"end":{"line":47,"column":1}},"line":15},"2":{"name":"(anonymous_2)","decl":{"start":{"line":17,"column":32},"end":{"line":17,"column":33}},"loc":{"start":{"line":17,"column":43},"end":{"line":17,"column":60}},"line":17}},"branchMap":{"0":{"loc":{"start":{"line":12,"column":21},"end":{"line":12,"column":38}},"type":"default-arg","locations":[{"start":{"line":12,"column":36},"end":{"line":12,"column":38}}],"line":12},"1":{"loc":{"start":{"line":23,"column":39},"end":{"line":23,"column":75}},"type":"cond-expr","locations":[{"start":{"line":23,"column":50},"end":{"line":23,"column":70}},{"start":{"line":23,"column":73},"end":{"line":23,"column":75}}],"line":23},"2":{"loc":{"start":{"line":24,"column":4},"end":{"line":24,"column":60}},"type":"cond-expr","locations":[{"start":{"line":24,"column":32},"end":{"line":24,"column":55}},{"start":{"line":24,"column":58},"end":{"line":24,"column":60}}],"line":24},"3":{"loc":{"start":{"line":24,"column":4},"end":{"line":24,"column":29}},"type":"binary-expr","locations":[{"start":{"line":24,"column":4},"end":{"line":24,"column":17}},{"start":{"line":24,"column":21},"end":{"line":24,"column":29}}],"line":24},"4":{"loc":{"start":{"line":30,"column":9},"end":{"line":36,"column":9}},"type":"cond-expr","locations":[{"start":{"line":31,"column":10},"end":{"line":31,"column":72}},{"start":{"line":33,"column":10},"end":{"line":35,"column":17}}],"line":30},"5":{"loc":{"start":{"line":30,"column":9},"end":{"line":30,"column":37}},"type":"binary-expr","locations":[{"start":{"line":30,"column":9},"end":{"line":30,"column":22}},{"start":{"line":30,"column":26},"end":{"line":30,"column":37}}],"line":30},"6":{"loc":{"start":{"line":41,"column":9},"end":{"line":43,"column":9}},"type":"binary-expr","locations":[{"start":{"line":41,"column":9},"end":{"line":41,"column":28}},{"start":{"line":42,"column":10},"end":{"line":42,"column":73}}],"line":41}},"s":{"0":2,"1":19,"2":2,"3":21,"4":42,"5":21,"6":21,"7":21,"8":21},"f":{"0":19,"1":21,"2":42},"b":{"0":[0],"1":[13,8],"2":[2,19],"3":[21,4],"4":[2,19],"5":[21,4],"6":[21,9]},"_coverageSchema":"1a1c01bbd47fc00a2c39e90264f33305004495a9","hash":"0597f91a800fefd2c159e00c483345bda148ab98"}
,"C:\\Users\\Andrey Desktop\\atomic-planning\\src\\components\\2-molecules\\RoleSelector\\role-selector.component.tsx": {"path":"C:\\Users\\Andrey Desktop\\atomic-planning\\src\\components\\2-molecules\\RoleSelector\\role-selector.component.tsx","statementMap":{"0":{"start":{"line":12,"column":50},"end":{"line":42,"column":1}},"1":{"start":{"line":16,"column":2},"end":{"line":41,"column":4}},"2":{"start":{"line":24,"column":26},"end":{"line":24,"column":44}},"3":{"start":{"line":35,"column":26},"end":{"line":35,"column":47}}},"fnMap":{"0":{"name":"(anonymous_0)","decl":{"start":{"line":12,"column":50},"end":{"line":12,"column":51}},"loc":{"start":{"line":15,"column":6},"end":{"line":42,"column":1}},"line":15},"1":{"name":"(anonymous_1)","decl":{"start":{"line":24,"column":20},"end":{"line":24,"column":21}},"loc":{"start":{"line":24,"column":26},"end":{"line":24,"column":44}},"line":24},"2":{"name":"(anonymous_2)","decl":{"start":{"line":35,"column":20},"end":{"line":35,"column":21}},"loc":{"start":{"line":35,"column":26},"end":{"line":35,"column":47}},"line":35}},"branchMap":{},"s":{"0":2,"1":15,"2":0,"3":1},"f":{"0":15,"1":0,"2":1},"b":{},"_coverageSchema":"1a1c01bbd47fc00a2c39e90264f33305004495a9","hash":"3d7af091a7ced02c01e08cebb48e92ca3bd3ea71"}
,"C:\\Users\\Andrey Desktop\\atomic-planning\\src\\components\\2-molecules\\VoteCounterAnimation\\vote-counter-animation.component.tsx": {"path":"C:\\Users\\Andrey Desktop\\atomic-planning\\src\\components\\2-molecules\\VoteCounterAnimation\\vote-counter-animation.component.tsx","statementMap":{"0":{"start":{"line":6,"column":39},"end":{"line":22,"column":1}},"1":{"start":{"line":7,"column":2},"end":{"line":21,"column":4}}},"fnMap":{"0":{"name":"(anonymous_0)","decl":{"start":{"line":6,"column":39},"end":{"line":6,"column":40}},"loc":{"start":{"line":6,"column":45},"end":{"line":22,"column":1}},"line":6}},"branchMap":{},"s":{"0":1,"1":4},"f":{"0":4},"b":{},"_coverageSchema":"1a1c01bbd47fc00a2c39e90264f33305004495a9","hash":"50e983f35f4b8a57d734bfa210dbdc6f7a73dd66"}
,"C:\\Users\\Andrey Desktop\\atomic-planning\\src\\components\\2-molecules\\VoteSummary\\vote-summary.component.tsx": {"path":"C:\\Users\\Andrey Desktop\\atomic-planning\\src\\components\\2-molecules\\VoteSummary\\vote-summary.component.tsx","statementMap":{"0":{"start":{"line":7,"column":25},"end":{"line":19,"column":1}},"1":{"start":{"line":8,"column":23},"end":{"line":11,"column":39}},"2":{"start":{"line":9,"column":16},"end":{"line":9,"column":22}},"3":{"start":{"line":10,"column":22},"end":{"line":10,"column":56}},"4":{"start":{"line":11,"column":19},"end":{"line":11,"column":38}},"5":{"start":{"line":13,"column":2},"end":{"line":13,"column":45}},"6":{"start":{"line":13,"column":33},"end":{"line":13,"column":45}},"7":{"start":{"line":15,"column":14},"end":{"line":15,"column":67}},"8":{"start":{"line":15,"column":51},"end":{"line":15,"column":63}},"9":{"start":{"line":16,"column":18},"end":{"line":16,"column":43}},"10":{"start":{"line":18,"column":2},"end":{"line":18,"column":46}},"11":{"start":{"line":23,"column":26},"end":{"line":53,"column":1}},"12":{"start":{"line":24,"column":48},"end":{"line":24,"column":50}},"13":{"start":{"line":27,"column":2},"end":{"line":31,"column":5}},"14":{"start":{"line":28,"column":4},"end":{"line":30,"column":5}},"15":{"start":{"line":29,"column":6},"end":{"line":29,"column":67}},"16":{"start":{"line":34,"column":23},"end":{"line":37,"column":5}},"17":{"start":{"line":34,"column":75},"end":{"line":37,"column":3}},"18":{"start":{"line":40,"column":2},"end":{"line":50,"column":5}},"19":{"start":{"line":41,"column":23},"end":{"line":41,"column":52}},"20":{"start":{"line":42,"column":23},"end":{"line":42,"column":52}},"21":{"start":{"line":44,"column":4},"end":{"line":46,"column":5}},"22":{"start":{"line":45,"column":6},"end":{"line":45,"column":59}},"23":{"start":{"line":47,"column":4},"end":{"line":47,"column":30}},"24":{"start":{"line":47,"column":20},"end":{"line":47,"column":30}},"25":{"start":{"line":48,"column":4},"end":{"line":48,"column":29}},"26":{"start":{"line":48,"column":20},"end":{"line":48,"column":29}},"27":{"start":{"line":49,"column":4},"end":{"line":49,"column":42}},"28":{"start":{"line":52,"column":2},"end":{"line":52,"column":22}},"29":{"start":{"line":55,"column":48},"end":{"line":88,"column":1}},"30":{"start":{"line":56,"column":22},"end":{"line":56,"column":47}},"31":{"start":{"line":57,"column":23},"end":{"line":57,"column":49}},"32":{"start":{"line":59,"column":2},"end":{"line":87,"column":4}},"33":{"start":{"line":63,"column":10},"end":{"line":76,"column":16}}},"fnMap":{"0":{"name":"(anonymous_0)","decl":{"start":{"line":7,"column":25},"end":{"line":7,"column":26}},"loc":{"start":{"line":7,"column":63},"end":{"line":19,"column":1}},"line":7},"1":{"name":"(anonymous_1)","decl":{"start":{"line":9,"column":9},"end":{"line":9,"column":10}},"loc":{"start":{"line":9,"column":16},"end":{"line":9,"column":22}},"line":9},"2":{"name":"(anonymous_2)","decl":{"start":{"line":10,"column":12},"end":{"line":10,"column":13}},"loc":{"start":{"line":10,"column":22},"end":{"line":10,"column":56}},"line":10},"3":{"name":"(anonymous_3)","decl":{"start":{"line":11,"column":9},"end":{"line":11,"column":10}},"loc":{"start":{"line":11,"column":19},"end":{"line":11,"column":38}},"line":11},"4":{"name":"(anonymous_4)","decl":{"start":{"line":15,"column":34},"end":{"line":15,"column":35}},"loc":{"start":{"line":15,"column":51},"end":{"line":15,"column":63}},"line":15},"5":{"name":"(anonymous_5)","decl":{"start":{"line":23,"column":26},"end":{"line":23,"column":27}},"loc":{"start":{"line":23,"column":49},"end":{"line":53,"column":1}},"line":23},"6":{"name":"(anonymous_6)","decl":{"start":{"line":27,"column":18},"end":{"line":27,"column":19}},"loc":{"start":{"line":27,"column":30},"end":{"line":31,"column":3}},"line":27},"7":{"name":"(anonymous_7)","decl":{"start":{"line":34,"column":54},"end":{"line":34,"column":55}},"loc":{"start":{"line":34,"column":75},"end":{"line":37,"column":3}},"line":34},"8":{"name":"(anonymous_8)","decl":{"start":{"line":40,"column":20},"end":{"line":40,"column":21}},"loc":{"start":{"line":40,"column":30},"end":{"line":50,"column":3}},"line":40},"9":{"name":"(anonymous_9)","decl":{"start":{"line":55,"column":48},"end":{"line":55,"column":49}},"loc":{"start":{"line":55,"column":65},"end":{"line":88,"column":1}},"line":55},"10":{"name":"(anonymous_10)","decl":{"start":{"line":62,"column":26},"end":{"line":62,"column":27}},"loc":{"start":{"line":63,"column":10},"end":{"line":76,"column":16}},"line":63}},"branchMap":{"0":{"loc":{"start":{"line":10,"column":22},"end":{"line":10,"column":56}},"type":"binary-expr","locations":[{"start":{"line":10,"column":22},"end":{"line":10,"column":26}},{"start":{"line":10,"column":30},"end":{"line":10,"column":56}}],"line":10},"1":{"loc":{"start":{"line":13,"column":2},"end":{"line":13,"column":45}},"type":"if","locations":[{"start":{"line":13,"column":2},"end":{"line":13,"column":45}},{"start":{},"end":{}}],"line":13},"2":{"loc":{"start":{"line":28,"column":4},"end":{"line":30,"column":5}},"type":"if","locations":[{"start":{"line":28,"column":4},"end":{"line":30,"column":5}},{"start":{},"end":{}}],"line":28},"3":{"loc":{"start":{"line":29,"column":33},"end":{"line":29,"column":61}},"type":"binary-expr","locations":[{"start":{"line":29,"column":33},"end":{"line":29,"column":56}},{"start":{"line":29,"column":60},"end":{"line":29,"column":61}}],"line":29},"4":{"loc":{"start":{"line":44,"column":4},"end":{"line":46,"column":5}},"type":"if","locations":[{"start":{"line":44,"column":4},"end":{"line":46,"column":5}},{"start":{},"end":{}}],"line":44},"5":{"loc":{"start":{"line":44,"column":8},"end":{"line":44,"column":32}},"type":"binary-expr","locations":[{"start":{"line":44,"column":8},"end":{"line":44,"column":18}},{"start":{"line":44,"column":22},"end":{"line":44,"column":32}}],"line":44},"6":{"loc":{"start":{"line":47,"column":4},"end":{"line":47,"column":30}},"type":"if","locations":[{"start":{"line":47,"column":4},"end":{"line":47,"column":30}},{"start":{},"end":{}}],"line":47},"7":{"loc":{"start":{"line":48,"column":4},"end":{"line":48,"column":29}},"type":"if","locations":[{"start":{"line":48,"column":4},"end":{"line":48,"column":29}},{"start":{},"end":{}}],"line":48},"8":{"loc":{"start":{"line":74,"column":23},"end":{"line":74,"column":53}},"type":"cond-expr","locations":[{"start":{"line":74,"column":37},"end":{"line":74,"column":43}},{"start":{"line":74,"column":46},"end":{"line":74,"column":53}}],"line":74},"9":{"loc":{"start":{"line":80,"column":7},"end":{"line":85,"column":7}},"type":"binary-expr","locations":[{"start":{"line":80,"column":7},"end":{"line":80,"column":27}},{"start":{"line":81,"column":8},"end":{"line":84,"column":14}}],"line":80}},"s":{"0":1,"1":4,"2":15,"3":15,"4":8,"5":4,"6":1,"7":3,"8":8,"9":3,"10":3,"11":1,"12":4,"13":4,"14":15,"15":13,"16":4,"17":11,"18":4,"19":7,"20":7,"21":7,"22":3,"23":4,"24":0,"25":4,"26":3,"27":1,"28":4,"29":1,"30":4,"31":4,"32":4,"33":11},"f":{"0":4,"1":15,"2":15,"3":8,"4":8,"5":4,"6":15,"7":11,"8":7,"9":4,"10":11},"b":{"0":[15,13],"1":[1,3],"2":[13,2],"3":[13,11],"4":[3,4],"5":[7,3],"6":[0,4],"7":[3,1],"8":[9,2],"9":[4,3]},"_coverageSchema":"1a1c01bbd47fc00a2c39e90264f33305004495a9","hash":"8b304b632af051e53b0f6a18ba7292f1e9ca8234"}
,"C:\\Users\\Andrey Desktop\\atomic-planning\\src\\components\\3-organisms\\CreateGameForm\\create-game-form.component.tsx": {"path":"C:\\Users\\Andrey Desktop\\atomic-planning\\src\\components\\3-organisms\\CreateGameForm\\create-game-form.component.tsx","statementMap":{"0":{"start":{"line":11,"column":33},"end":{"line":60,"column":1}},"1":{"start":{"line":12,"column":19},"end":{"line":12,"column":35}},"2":{"start":{"line":14,"column":34},"end":{"line":14,"column":46}},"3":{"start":{"line":15,"column":28},"end":{"line":15,"column":57}},"4":{"start":{"line":17,"column":27},"end":{"line":21,"column":3}},"5":{"start":{"line":18,"column":20},"end":{"line":18,"column":34}},"6":{"start":{"line":19,"column":4},"end":{"line":19,"column":25}},"7":{"start":{"line":20,"column":4},"end":{"line":20,"column":36}},"8":{"start":{"line":23,"column":23},"end":{"line":31,"column":3}},"9":{"start":{"line":24,"column":4},"end":{"line":24,"column":23}},"10":{"start":{"line":25,"column":28},"end":{"line":25,"column":50}},"11":{"start":{"line":26,"column":4},"end":{"line":29,"column":5}},"12":{"start":{"line":27,"column":6},"end":{"line":27,"column":32}},"13":{"start":{"line":28,"column":6},"end":{"line":28,"column":13}},"14":{"start":{"line":30,"column":4},"end":{"line":30,"column":35}},"15":{"start":{"line":33,"column":27},"end":{"line":33,"column":60}},"16":{"start":{"line":35,"column":2},"end":{"line":59,"column":4}}},"fnMap":{"0":{"name":"(anonymous_0)","decl":{"start":{"line":11,"column":33},"end":{"line":11,"column":34}},"loc":{"start":{"line":11,"column":39},"end":{"line":60,"column":1}},"line":11},"1":{"name":"(anonymous_1)","decl":{"start":{"line":17,"column":27},"end":{"line":17,"column":28}},"loc":{"start":{"line":17,"column":71},"end":{"line":21,"column":3}},"line":17},"2":{"name":"(anonymous_2)","decl":{"start":{"line":23,"column":23},"end":{"line":23,"column":24}},"loc":{"start":{"line":23,"column":47},"end":{"line":31,"column":3}},"line":23}},"branchMap":{"0":{"loc":{"start":{"line":26,"column":4},"end":{"line":29,"column":5}},"type":"if","locations":[{"start":{"line":26,"column":4},"end":{"line":29,"column":5}},{"start":{},"end":{}}],"line":26},"1":{"loc":{"start":{"line":33,"column":27},"end":{"line":33,"column":60}},"type":"binary-expr","locations":[{"start":{"line":33,"column":27},"end":{"line":33,"column":34}},{"start":{"line":33,"column":38},"end":{"line":33,"column":60}}],"line":33}},"s":{"0":1,"1":10,"2":10,"3":10,"4":10,"5":4,"6":4,"7":4,"8":10,"9":1,"10":1,"11":1,"12":0,"13":0,"14":1,"15":10,"16":10},"f":{"0":10,"1":4,"2":1},"b":{"0":[0,1],"1":[10,8]},"_coverageSchema":"1a1c01bbd47fc00a2c39e90264f33305004495a9","hash":"15e1625d57eca60bd9e5de8575fa21916f5b7e2e"}
,"C:\\Users\\Andrey Desktop\\atomic-planning\\src\\components\\3-organisms\\GameHeader\\game-header.component.tsx": {"path":"C:\\Users\\Andrey Desktop\\atomic-planning\\src\\components\\3-organisms\\GameHeader\\game-header.component.tsx","statementMap":{"0":{"start":{"line":10,"column":20},"end":{"line":11,"column":39}},"1":{"start":{"line":11,"column":2},"end":{"line":11,"column":39}},"2":{"start":{"line":13,"column":29},"end":{"line":86,"column":1}},"3":{"start":{"line":14,"column":52},"end":{"line":14,"column":67}},"4":{"start":{"line":15,"column":48},"end":{"line":15,"column":63}},"5":{"start":{"line":16,"column":60},"end":{"line":16,"column":75}},"6":{"start":{"line":19,"column":44},"end":{"line":21,"column":3}},"7":{"start":{"line":20,"column":15},"end":{"line":20,"column":25}},"8":{"start":{"line":23,"column":31},"end":{"line":23,"column":57}},"9":{"start":{"line":26,"column":28},"end":{"line":36,"column":3}},"10":{"start":{"line":27,"column":4},"end":{"line":27,"column":29}},"11":{"start":{"line":27,"column":22},"end":{"line":27,"column":29}},"12":{"start":{"line":29,"column":4},"end":{"line":35,"column":5}},"13":{"start":{"line":31,"column":6},"end":{"line":31,"column":31}},"14":{"start":{"line":34,"column":6},"end":{"line":34,"column":37}},"15":{"start":{"line":38,"column":2},"end":{"line":85,"column":4}},"16":{"start":{"line":64,"column":51},"end":{"line":64,"column":77}},"17":{"start":{"line":72,"column":36},"end":{"line":72,"column":63}},"18":{"start":{"line":76,"column":44},"end":{"line":76,"column":69}},"19":{"start":{"line":81,"column":40},"end":{"line":81,"column":71}}},"fnMap":{"0":{"name":"(anonymous_0)","decl":{"start":{"line":10,"column":20},"end":{"line":10,"column":21}},"loc":{"start":{"line":11,"column":2},"end":{"line":11,"column":39}},"line":11},"1":{"name":"(anonymous_1)","decl":{"start":{"line":13,"column":29},"end":{"line":13,"column":30}},"loc":{"start":{"line":13,"column":35},"end":{"line":86,"column":1}},"line":13},"2":{"name":"(anonymous_2)","decl":{"start":{"line":20,"column":4},"end":{"line":20,"column":5}},"loc":{"start":{"line":20,"column":15},"end":{"line":20,"column":25}},"line":20},"3":{"name":"(anonymous_3)","decl":{"start":{"line":26,"column":28},"end":{"line":26,"column":29}},"loc":{"start":{"line":26,"column":34},"end":{"line":36,"column":3}},"line":26},"4":{"name":"(anonymous_4)","decl":{"start":{"line":64,"column":45},"end":{"line":64,"column":46}},"loc":{"start":{"line":64,"column":51},"end":{"line":64,"column":77}},"line":64},"5":{"name":"(anonymous_5)","decl":{"start":{"line":72,"column":30},"end":{"line":72,"column":31}},"loc":{"start":{"line":72,"column":36},"end":{"line":72,"column":63}},"line":72},"6":{"name":"(anonymous_6)","decl":{"start":{"line":76,"column":38},"end":{"line":76,"column":39}},"loc":{"start":{"line":76,"column":44},"end":{"line":76,"column":69}},"line":76},"7":{"name":"(anonymous_7)","decl":{"start":{"line":81,"column":34},"end":{"line":81,"column":35}},"loc":{"start":{"line":81,"column":40},"end":{"line":81,"column":71}},"line":81}},"branchMap":{"0":{"loc":{"start":{"line":10,"column":21},"end":{"line":10,"column":38}},"type":"default-arg","locations":[{"start":{"line":10,"column":36},"end":{"line":10,"column":38}}],"line":10},"1":{"loc":{"start":{"line":27,"column":4},"end":{"line":27,"column":29}},"type":"if","locations":[{"start":{"line":27,"column":4},"end":{"line":27,"column":29}},{"start":{},"end":{}}],"line":27},"2":{"loc":{"start":{"line":29,"column":4},"end":{"line":35,"column":5}},"type":"if","locations":[{"start":{"line":29,"column":4},"end":{"line":35,"column":5}},{"start":{"line":32,"column":11},"end":{"line":35,"column":5}}],"line":29},"3":{"loc":{"start":{"line":44,"column":11},"end":{"line":63,"column":11}},"type":"binary-expr","locations":[{"start":{"line":44,"column":11},"end":{"line":44,"column":22}},{"start":{"line":46,"column":12},"end":{"line":61,"column":21}}],"line":44},"4":{"loc":{"start":{"line":53,"column":16},"end":{"line":57,"column":46}},"type":"cond-expr","locations":[{"start":{"line":54,"column":20},"end":{"line":54,"column":41}},{"start":{"line":55,"column":20},"end":{"line":57,"column":46}}],"line":53},"5":{"loc":{"start":{"line":56,"column":22},"end":{"line":56,"column":78}},"type":"cond-expr","locations":[{"start":{"line":56,"column":54},"end":{"line":56,"column":63}},{"start":{"line":56,"column":66},"end":{"line":56,"column":78}}],"line":56},"6":{"loc":{"start":{"line":71,"column":7},"end":{"line":73,"column":7}},"type":"binary-expr","locations":[{"start":{"line":71,"column":7},"end":{"line":71,"column":24}},{"start":{"line":72,"column":8},"end":{"line":72,"column":67}}],"line":71},"7":{"loc":{"start":{"line":75,"column":7},"end":{"line":77,"column":7}},"type":"binary-expr","locations":[{"start":{"line":75,"column":7},"end":{"line":75,"column":22}},{"start":{"line":76,"column":8},"end":{"line":76,"column":73}}],"line":75},"8":{"loc":{"start":{"line":80,"column":7},"end":{"line":82,"column":7}},"type":"binary-expr","locations":[{"start":{"line":80,"column":7},"end":{"line":80,"column":28}},{"start":{"line":81,"column":8},"end":{"line":81,"column":75}}],"line":80}},"s":{"0":1,"1":12,"2":1,"3":12,"4":12,"5":12,"6":12,"7":21,"8":12,"9":12,"10":2,"11":0,"12":2,"13":1,"14":1,"15":12,"16":1,"17":0,"18":0,"19":0},"f":{"0":12,"1":12,"2":21,"3":2,"4":1,"5":0,"6":0,"7":0},"b":{"0":[0],"1":[0,2],"2":[1,1],"3":[12,12],"4":[9,3],"5":[3,0],"6":[12,1],"7":[12,1],"8":[12,1]},"_coverageSchema":"1a1c01bbd47fc00a2c39e90264f33305004495a9","hash":"f56ad787d31eab78c29bb7a0ca42f7b2a6c0dc8b"}
,"C:\\Users\\Andrey Desktop\\atomic-planning\\src\\components\\3-organisms\\Header\\header.component.tsx": {"path":"C:\\Users\\Andrey Desktop\\atomic-planning\\src\\components\\3-organisms\\Header\\header.component.tsx","statementMap":{},"fnMap":{},"branchMap":{},"s":{},"f":{},"b":{},"_coverageSchema":"1a1c01bbd47fc00a2c39e90264f33305004495a9","hash":"9209aee6a2185428ba0d8e88f58c130dd2c4c5de"}
,"C:\\Users\\Andrey Desktop\\atomic-planning\\src\\components\\3-organisms\\HostPrivilegesModal\\host-privileges-modal.component.tsx": {"path":"C:\\Users\\Andrey Desktop\\atomic-planning\\src\\components\\3-organisms\\HostPrivilegesModal\\host-privileges-modal.component.tsx","statementMap":{"0":{"start":{"line":164,"column":19},"end":{"line":164,"column":70}},"1":{"start":{"line":165,"column":18},"end":{"line":165,"column":71}},"2":{"start":{"line":166,"column":21},"end":{"line":173,"column":1}},"3":{"start":{"line":167,"column":19},"end":{"line":167,"column":29}},"4":{"start":{"line":168,"column":2},"end":{"line":171,"column":3}},"5":{"start":{"line":168,"column":15},"end":{"line":168,"column":34}},"6":{"start":{"line":169,"column":14},"end":{"line":169,"column":49}},"7":{"start":{"line":170,"column":4},"end":{"line":170,"column":60}},"8":{"start":{"line":172,"column":2},"end":{"line":172,"column":18}},"9":{"start":{"line":175,"column":64},"end":{"line":301,"column":1}},"10":{"start":{"line":178,"column":19},"end":{"line":178,"column":35}},"11":{"start":{"line":184,"column":6},"end":{"line":184,"column":43}},"12":{"start":{"line":184,"column":32},"end":{"line":184,"column":42}},"13":{"start":{"line":186,"column":48},"end":{"line":186,"column":74}},"14":{"start":{"line":187,"column":48},"end":{"line":187,"column":64}},"15":{"start":{"line":189,"column":32},"end":{"line":193,"column":3}},"16":{"start":{"line":190,"column":22},"end":{"line":190,"column":42}},"17":{"start":{"line":191,"column":4},"end":{"line":191,"column":29}},"18":{"start":{"line":192,"column":4},"end":{"line":192,"column":34}},"19":{"start":{"line":195,"column":26},"end":{"line":203,"column":3}},"20":{"start":{"line":196,"column":27},"end":{"line":196,"column":50}},"21":{"start":{"line":197,"column":28},"end":{"line":197,"column":52}},"22":{"start":{"line":198,"column":27},"end":{"line":198,"column":53}},"23":{"start":{"line":199,"column":28},"end":{"line":199,"column":68}},"24":{"start":{"line":200,"column":20},"end":{"line":200,"column":59}},"25":{"start":{"line":201,"column":30},"end":{"line":201,"column":51}},"26":{"start":{"line":202,"column":4},"end":{"line":202,"column":42}},"27":{"start":{"line":206,"column":27},"end":{"line":212,"column":3}},"28":{"start":{"line":207,"column":4},"end":{"line":211,"column":5}},"29":{"start":{"line":208,"column":6},"end":{"line":208,"column":49}},"30":{"start":{"line":214,"column":28},"end":{"line":220,"column":3}},"31":{"start":{"line":215,"column":4},"end":{"line":215,"column":45}},"32":{"start":{"line":216,"column":4},"end":{"line":218,"column":5}},"33":{"start":{"line":217,"column":6},"end":{"line":217,"column":45}},"34":{"start":{"line":219,"column":4},"end":{"line":219,"column":14}},"35":{"start":{"line":222,"column":31},"end":{"line":222,"column":57}},"36":{"start":{"line":224,"column":4},"end":{"line":224,"column":61}},"37":{"start":{"line":226,"column":2},"end":{"line":300,"column":4}},"38":{"start":{"line":241,"column":16},"end":{"line":247,"column":18}},"39":{"start":{"line":245,"column":35},"end":{"line":245,"column":79}},"40":{"start":{"line":282,"column":33},"end":{"line":282,"column":67}},"41":{"start":{"line":285,"column":18},"end":{"line":288,"column":27}}},"fnMap":{"0":{"name":"(anonymous_0)","decl":{"start":{"line":166,"column":21},"end":{"line":166,"column":22}},"loc":{"start":{"line":166,"column":46},"end":{"line":173,"column":1}},"line":166},"1":{"name":"(anonymous_1)","decl":{"start":{"line":175,"column":64},"end":{"line":175,"column":65}},"loc":{"start":{"line":177,"column":6},"end":{"line":301,"column":1}},"line":177},"2":{"name":"(anonymous_2)","decl":{"start":{"line":184,"column":21},"end":{"line":184,"column":22}},"loc":{"start":{"line":184,"column":32},"end":{"line":184,"column":42}},"line":184},"3":{"name":"(anonymous_3)","decl":{"start":{"line":189,"column":32},"end":{"line":189,"column":33}},"loc":{"start":{"line":189,"column":66},"end":{"line":193,"column":3}},"line":189},"4":{"name":"(anonymous_4)","decl":{"start":{"line":195,"column":26},"end":{"line":195,"column":27}},"loc":{"start":{"line":195,"column":32},"end":{"line":203,"column":3}},"line":195},"5":{"name":"(anonymous_5)","decl":{"start":{"line":206,"column":27},"end":{"line":206,"column":28}},"loc":{"start":{"line":206,"column":33},"end":{"line":212,"column":3}},"line":206},"6":{"name":"(anonymous_6)","decl":{"start":{"line":214,"column":28},"end":{"line":214,"column":29}},"loc":{"start":{"line":214,"column":34},"end":{"line":220,"column":3}},"line":214},"7":{"name":"(anonymous_7)","decl":{"start":{"line":240,"column":35},"end":{"line":240,"column":36}},"loc":{"start":{"line":241,"column":16},"end":{"line":247,"column":18}},"line":241},"8":{"name":"(anonymous_8)","decl":{"start":{"line":245,"column":28},"end":{"line":245,"column":29}},"loc":{"start":{"line":245,"column":35},"end":{"line":245,"column":79}},"line":245},"9":{"name":"(anonymous_9)","decl":{"start":{"line":282,"column":26},"end":{"line":282,"column":27}},"loc":{"start":{"line":282,"column":33},"end":{"line":282,"column":67}},"line":282},"10":{"name":"(anonymous_10)","decl":{"start":{"line":284,"column":29},"end":{"line":284,"column":30}},"loc":{"start":{"line":285,"column":18},"end":{"line":288,"column":27}},"line":285}},"branchMap":{"0":{"loc":{"start":{"line":207,"column":4},"end":{"line":211,"column":5}},"type":"if","locations":[{"start":{"line":207,"column":4},"end":{"line":211,"column":5}},{"start":{},"end":{}}],"line":207},"1":{"loc":{"start":{"line":216,"column":4},"end":{"line":218,"column":5}},"type":"if","locations":[{"start":{"line":216,"column":4},"end":{"line":218,"column":5}},{"start":{},"end":{}}],"line":216},"2":{"loc":{"start":{"line":224,"column":4},"end":{"line":224,"column":61}},"type":"cond-expr","locations":[{"start":{"line":224,"column":37},"end":{"line":224,"column":46}},{"start":{"line":224,"column":49},"end":{"line":224,"column":61}}],"line":224},"3":{"loc":{"start":{"line":256,"column":11},"end":{"line":269,"column":11}},"type":"binary-expr","locations":[{"start":{"line":256,"column":11},"end":{"line":256,"column":31}},{"start":{"line":257,"column":12},"end":{"line":268,"column":18}}],"line":256},"4":{"loc":{"start":{"line":264,"column":17},"end":{"line":266,"column":42}},"type":"cond-expr","locations":[{"start":{"line":265,"column":20},"end":{"line":265,"column":42}},{"start":{"line":266,"column":20},"end":{"line":266,"column":42}}],"line":264},"5":{"loc":{"start":{"line":272,"column":11},"end":{"line":292,"column":11}},"type":"binary-expr","locations":[{"start":{"line":272,"column":11},"end":{"line":272,"column":31}},{"start":{"line":273,"column":12},"end":{"line":291,"column":18}}],"line":272},"6":{"loc":{"start":{"line":281,"column":23},"end":{"line":281,"column":44}},"type":"binary-expr","locations":[{"start":{"line":281,"column":23},"end":{"line":281,"column":38}},{"start":{"line":281,"column":42},"end":{"line":281,"column":44}}],"line":281},"7":{"loc":{"start":{"line":287,"column":21},"end":{"line":287,"column":69}},"type":"cond-expr","locations":[{"start":{"line":287,"column":44},"end":{"line":287,"column":64}},{"start":{"line":287,"column":67},"end":{"line":287,"column":69}}],"line":287}},"s":{"0":1,"1":1,"2":1,"3":3,"4":3,"5":3,"6":32,"7":32,"8":3,"9":1,"10":11,"11":11,"12":19,"13":11,"14":11,"15":11,"16":2,"17":2,"18":2,"19":11,"20":1,"21":1,"22":1,"23":1,"24":1,"25":1,"26":1,"27":11,"28":0,"29":0,"30":11,"31":1,"32":1,"33":1,"34":1,"35":11,"36":11,"37":11,"38":132,"39":2,"40":1,"41":18},"f":{"0":3,"1":11,"2":19,"3":2,"4":1,"5":0,"6":1,"7":132,"8":2,"9":1,"10":18},"b":{"0":[0,0],"1":[1,0],"2":[11,0],"3":[11,9],"4":[9,0],"5":[11,9],"6":[9,0],"7":[9,9]},"_coverageSchema":"1a1c01bbd47fc00a2c39e90264f33305004495a9","hash":"423c3e47319f26cf1165b085275a74917d9b350f"}
,"C:\\Users\\Andrey Desktop\\atomic-planning\\src\\components\\3-organisms\\InviteModal\\invite-modal.component.tsx": {"path":"C:\\Users\\Andrey Desktop\\atomic-planning\\src\\components\\3-organisms\\InviteModal\\invite-modal.component.tsx","statementMap":{"0":{"start":{"line":12,"column":48},"end":{"line":44,"column":1}},"1":{"start":{"line":13,"column":30},"end":{"line":13,"column":45}},"2":{"start":{"line":14,"column":19},"end":{"line":14,"column":65}},"3":{"start":{"line":14,"column":45},"end":{"line":14,"column":64}},"4":{"start":{"line":17,"column":20},"end":{"line":17,"column":59}},"5":{"start":{"line":19,"column":26},"end":{"line":26,"column":3}},"6":{"start":{"line":20,"column":4},"end":{"line":25,"column":7}},"7":{"start":{"line":21,"column":6},"end":{"line":21,"column":22}},"8":{"start":{"line":22,"column":6},"end":{"line":22,"column":47}},"9":{"start":{"line":22,"column":23},"end":{"line":22,"column":39}},"10":{"start":{"line":24,"column":6},"end":{"line":24,"column":50}},"11":{"start":{"line":28,"column":2},"end":{"line":43,"column":4}},"12":{"start":{"line":30,"column":60},"end":{"line":30,"column":79}}},"fnMap":{"0":{"name":"(anonymous_0)","decl":{"start":{"line":12,"column":48},"end":{"line":12,"column":49}},"loc":{"start":{"line":12,"column":65},"end":{"line":44,"column":1}},"line":12},"1":{"name":"(anonymous_1)","decl":{"start":{"line":14,"column":34},"end":{"line":14,"column":35}},"loc":{"start":{"line":14,"column":45},"end":{"line":14,"column":64}},"line":14},"2":{"name":"(anonymous_2)","decl":{"start":{"line":19,"column":26},"end":{"line":19,"column":27}},"loc":{"start":{"line":19,"column":32},"end":{"line":26,"column":3}},"line":19},"3":{"name":"(anonymous_3)","decl":{"start":{"line":20,"column":50},"end":{"line":20,"column":51}},"loc":{"start":{"line":20,"column":56},"end":{"line":23,"column":5}},"line":20},"4":{"name":"(anonymous_4)","decl":{"start":{"line":22,"column":17},"end":{"line":22,"column":18}},"loc":{"start":{"line":22,"column":23},"end":{"line":22,"column":39}},"line":22},"5":{"name":"(anonymous_5)","decl":{"start":{"line":23,"column":13},"end":{"line":23,"column":14}},"loc":{"start":{"line":23,"column":20},"end":{"line":25,"column":5}},"line":23},"6":{"name":"(anonymous_6)","decl":{"start":{"line":30,"column":53},"end":{"line":30,"column":54}},"loc":{"start":{"line":30,"column":60},"end":{"line":30,"column":79}},"line":30}},"branchMap":{"0":{"loc":{"start":{"line":38,"column":13},"end":{"line":38,"column":49}},"type":"cond-expr","locations":[{"start":{"line":38,"column":22},"end":{"line":38,"column":33}},{"start":{"line":38,"column":36},"end":{"line":38,"column":49}}],"line":38}},"s":{"0":1,"1":3,"2":3,"3":6,"4":3,"5":3,"6":1,"7":1,"8":1,"9":0,"10":0,"11":3,"12":2},"f":{"0":3,"1":6,"2":1,"3":1,"4":0,"5":0,"6":2},"b":{"0":[0,3]},"_coverageSchema":"1a1c01bbd47fc00a2c39e90264f33305004495a9","hash":"e90bb69b77a602b3c1c555b17cc4669c74715062"}
,"C:\\Users\\Andrey Desktop\\atomic-planning\\src\\components\\3-organisms\\JoinGameForm\\join-game-form.component.tsx": {"path":"C:\\Users\\Andrey Desktop\\atomic-planning\\src\\components\\3-organisms\\JoinGameForm\\join-game-form.component.tsx","statementMap":{"0":{"start":{"line":15,"column":31},"end":{"line":70,"column":1}},"1":{"start":{"line":16,"column":19},"end":{"line":16,"column":35}},"2":{"start":{"line":18,"column":18},"end":{"line":18,"column":63}},"3":{"start":{"line":18,"column":44},"end":{"line":18,"column":62}},"4":{"start":{"line":19,"column":30},"end":{"line":19,"column":56}},"5":{"start":{"line":19,"column":49},"end":{"line":19,"column":55}},"6":{"start":{"line":21,"column":26},"end":{"line":21,"column":38}},"7":{"start":{"line":22,"column":26},"end":{"line":22,"column":68}},"8":{"start":{"line":24,"column":28},"end":{"line":24,"column":57}},"9":{"start":{"line":27,"column":27},"end":{"line":32,"column":3}},"10":{"start":{"line":28,"column":20},"end":{"line":28,"column":34}},"11":{"start":{"line":29,"column":4},"end":{"line":29,"column":21}},"12":{"start":{"line":31,"column":4},"end":{"line":31,"column":57}},"13":{"start":{"line":34,"column":23},"end":{"line":44,"column":3}},"14":{"start":{"line":35,"column":4},"end":{"line":35,"column":23}},"15":{"start":{"line":37,"column":28},"end":{"line":37,"column":67}},"16":{"start":{"line":38,"column":4},"end":{"line":41,"column":5}},"17":{"start":{"line":39,"column":6},"end":{"line":39,"column":32}},"18":{"start":{"line":40,"column":6},"end":{"line":40,"column":13}},"19":{"start":{"line":43,"column":4},"end":{"line":43,"column":39}},"20":{"start":{"line":47,"column":27},"end":{"line":47,"column":56}},"21":{"start":{"line":49,"column":2},"end":{"line":69,"column":4}}},"fnMap":{"0":{"name":"(anonymous_0)","decl":{"start":{"line":15,"column":31},"end":{"line":15,"column":32}},"loc":{"start":{"line":15,"column":37},"end":{"line":70,"column":1}},"line":15},"1":{"name":"(anonymous_1)","decl":{"start":{"line":18,"column":33},"end":{"line":18,"column":34}},"loc":{"start":{"line":18,"column":44},"end":{"line":18,"column":62}},"line":18},"2":{"name":"(anonymous_2)","decl":{"start":{"line":19,"column":42},"end":{"line":19,"column":43}},"loc":{"start":{"line":19,"column":49},"end":{"line":19,"column":55}},"line":19},"3":{"name":"(anonymous_3)","decl":{"start":{"line":27,"column":27},"end":{"line":27,"column":28}},"loc":{"start":{"line":27,"column":71},"end":{"line":32,"column":3}},"line":27},"4":{"name":"(anonymous_4)","decl":{"start":{"line":34,"column":23},"end":{"line":34,"column":24}},"loc":{"start":{"line":34,"column":47},"end":{"line":44,"column":3}},"line":34}},"branchMap":{"0":{"loc":{"start":{"line":38,"column":4},"end":{"line":41,"column":5}},"type":"if","locations":[{"start":{"line":38,"column":4},"end":{"line":41,"column":5}},{"start":{},"end":{}}],"line":38},"1":{"loc":{"start":{"line":47,"column":27},"end":{"line":47,"column":56}},"type":"binary-expr","locations":[{"start":{"line":47,"column":27},"end":{"line":47,"column":34}},{"start":{"line":47,"column":38},"end":{"line":47,"column":56}}],"line":47}},"s":{"0":1,"1":10,"2":10,"3":16,"4":10,"5":11,"6":10,"7":10,"8":10,"9":10,"10":4,"11":4,"12":4,"13":10,"14":1,"15":1,"16":1,"17":0,"18":0,"19":1,"20":10,"21":10},"f":{"0":10,"1":16,"2":11,"3":4,"4":1},"b":{"0":[0,1],"1":[10,8]},"_coverageSchema":"1a1c01bbd47fc00a2c39e90264f33305004495a9","hash":"3a3c90d4a9c63a5d63f868eea9e76b7df1cd1d28"}
,"C:\\Users\\Andrey Desktop\\atomic-planning\\src\\components\\3-organisms\\RoleChangeModal\\role-change-modal.component.tsx": {"path":"C:\\Users\\Andrey Desktop\\atomic-planning\\src\\components\\3-organisms\\RoleChangeModal\\role-change-modal.component.tsx","statementMap":{"0":{"start":{"line":12,"column":56},"end":{"line":57,"column":1}},"1":{"start":{"line":13,"column":19},"end":{"line":13,"column":35}},"2":{"start":{"line":14,"column":26},"end":{"line":14,"column":63}},"3":{"start":{"line":14,"column":52},"end":{"line":14,"column":62}},"4":{"start":{"line":16,"column":2},"end":{"line":16,"column":32}},"5":{"start":{"line":16,"column":20},"end":{"line":16,"column":32}},"6":{"start":{"line":19,"column":4},"end":{"line":19,"column":60}},"7":{"start":{"line":20,"column":22},"end":{"line":20,"column":78}},"8":{"start":{"line":22,"column":24},"end":{"line":25,"column":3}},"9":{"start":{"line":23,"column":4},"end":{"line":23,"column":47}},"10":{"start":{"line":24,"column":4},"end":{"line":24,"column":14}},"11":{"start":{"line":27,"column":2},"end":{"line":56,"column":4}},"12":{"start":{"line":30,"column":53},"end":{"line":30,"column":72}}},"fnMap":{"0":{"name":"(anonymous_0)","decl":{"start":{"line":12,"column":56},"end":{"line":12,"column":57}},"loc":{"start":{"line":12,"column":73},"end":{"line":57,"column":1}},"line":12},"1":{"name":"(anonymous_1)","decl":{"start":{"line":14,"column":41},"end":{"line":14,"column":42}},"loc":{"start":{"line":14,"column":52},"end":{"line":14,"column":62}},"line":14},"2":{"name":"(anonymous_2)","decl":{"start":{"line":22,"column":24},"end":{"line":22,"column":25}},"loc":{"start":{"line":22,"column":30},"end":{"line":25,"column":3}},"line":22},"3":{"name":"(anonymous_3)","decl":{"start":{"line":30,"column":46},"end":{"line":30,"column":47}},"loc":{"start":{"line":30,"column":53},"end":{"line":30,"column":72}},"line":30}},"branchMap":{"0":{"loc":{"start":{"line":16,"column":2},"end":{"line":16,"column":32}},"type":"if","locations":[{"start":{"line":16,"column":2},"end":{"line":16,"column":32}},{"start":{},"end":{}}],"line":16},"1":{"loc":{"start":{"line":19,"column":4},"end":{"line":19,"column":60}},"type":"cond-expr","locations":[{"start":{"line":19,"column":36},"end":{"line":19,"column":45}},{"start":{"line":19,"column":48},"end":{"line":19,"column":60}}],"line":19},"2":{"loc":{"start":{"line":20,"column":22},"end":{"line":20,"column":78}},"type":"cond-expr","locations":[{"start":{"line":20,"column":54},"end":{"line":20,"column":66}},{"start":{"line":20,"column":69},"end":{"line":20,"column":78}}],"line":20}},"s":{"0":1,"1":5,"2":5,"3":10,"4":5,"5":1,"6":4,"7":4,"8":4,"9":1,"10":1,"11":4,"12":2},"f":{"0":5,"1":10,"2":1,"3":2},"b":{"0":[1,4],"1":[3,1],"2":[3,1]},"_coverageSchema":"1a1c01bbd47fc00a2c39e90264f33305004495a9","hash":"19659e1440bfa52a79e0d632911a5e339220d8e3"}
,"C:\\Users\\Andrey Desktop\\atomic-planning\\src\\components\\4-templates\\GameRoom\\game-room.component.tsx": {"path":"C:\\Users\\Andrey Desktop\\atomic-planning\\src\\components\\4-templates\\GameRoom\\game-room.component.tsx","statementMap":{"0":{"start":{"line":22,"column":27},"end":{"line":145,"column":1}},"1":{"start":{"line":24,"column":19},"end":{"line":24,"column":35}},"2":{"start":{"line":32,"column":6},"end":{"line":32,"column":43}},"3":{"start":{"line":32,"column":32},"end":{"line":32,"column":42}},"4":{"start":{"line":33,"column":18},"end":{"line":33,"column":48}},"5":{"start":{"line":34,"column":42},"end":{"line":34,"column":71}},"6":{"start":{"line":35,"column":2},"end":{"line":42,"column":29}},"7":{"start":{"line":36,"column":4},"end":{"line":41,"column":5}},"8":{"start":{"line":37,"column":20},"end":{"line":39,"column":14}},"9":{"start":{"line":38,"column":8},"end":{"line":38,"column":34}},"10":{"start":{"line":40,"column":6},"end":{"line":40,"column":39}},"11":{"start":{"line":40,"column":19},"end":{"line":40,"column":38}},"12":{"start":{"line":43,"column":2},"end":{"line":47,"column":22}},"13":{"start":{"line":44,"column":4},"end":{"line":46,"column":5}},"14":{"start":{"line":45,"column":6},"end":{"line":45,"column":28}},"15":{"start":{"line":48,"column":21},"end":{"line":52,"column":3}},"16":{"start":{"line":49,"column":4},"end":{"line":49,"column":60}},"17":{"start":{"line":49,"column":53},"end":{"line":49,"column":60}},"18":{"start":{"line":50,"column":4},"end":{"line":50,"column":27}},"19":{"start":{"line":51,"column":4},"end":{"line":51,"column":73}},"20":{"start":{"line":53,"column":17},"end":{"line":53,"column":43}},"21":{"start":{"line":54,"column":19},"end":{"line":54,"column":46}},"22":{"start":{"line":54,"column":39},"end":{"line":54,"column":45}},"23":{"start":{"line":55,"column":27},"end":{"line":55,"column":78}},"24":{"start":{"line":56,"column":19},"end":{"line":56,"column":59}},"25":{"start":{"line":57,"column":21},"end":{"line":57,"column":22}},"26":{"start":{"line":58,"column":26},"end":{"line":58,"column":27}},"27":{"start":{"line":59,"column":31},"end":{"line":59,"column":52}},"28":{"start":{"line":60,"column":23},"end":{"line":62,"column":3}},"29":{"start":{"line":61,"column":11},"end":{"line":61,"column":49}},"30":{"start":{"line":63,"column":62},"end":{"line":63,"column":64}},"31":{"start":{"line":64,"column":2},"end":{"line":73,"column":3}},"32":{"start":{"line":65,"column":4},"end":{"line":72,"column":6}},"33":{"start":{"line":74,"column":2},"end":{"line":83,"column":5}},"34":{"start":{"line":75,"column":23},"end":{"line":75,"column":50}},"35":{"start":{"line":76,"column":4},"end":{"line":82,"column":5}},"36":{"start":{"line":77,"column":6},"end":{"line":81,"column":8}},"37":{"start":{"line":84,"column":2},"end":{"line":92,"column":3}},"38":{"start":{"line":84,"column":15},"end":{"line":84,"column":16}},"39":{"start":{"line":85,"column":4},"end":{"line":91,"column":5}},"40":{"start":{"line":86,"column":6},"end":{"line":90,"column":8}},"41":{"start":{"line":95,"column":2},"end":{"line":144,"column":4}},"42":{"start":{"line":101,"column":35},"end":{"line":101,"column":60}},"43":{"start":{"line":108,"column":35},"end":{"line":108,"column":58}},"44":{"start":{"line":128,"column":18},"end":{"line":133,"column":20}},"45":{"start":{"line":132,"column":35},"end":{"line":132,"column":52}}},"fnMap":{"0":{"name":"(anonymous_0)","decl":{"start":{"line":22,"column":27},"end":{"line":22,"column":28}},"loc":{"start":{"line":22,"column":33},"end":{"line":145,"column":1}},"line":22},"1":{"name":"(anonymous_1)","decl":{"start":{"line":32,"column":21},"end":{"line":32,"column":22}},"loc":{"start":{"line":32,"column":32},"end":{"line":32,"column":42}},"line":32},"2":{"name":"(anonymous_2)","decl":{"start":{"line":35,"column":12},"end":{"line":35,"column":13}},"loc":{"start":{"line":35,"column":18},"end":{"line":42,"column":3}},"line":35},"3":{"name":"(anonymous_3)","decl":{"start":{"line":37,"column":31},"end":{"line":37,"column":32}},"loc":{"start":{"line":37,"column":37},"end":{"line":39,"column":7}},"line":37},"4":{"name":"(anonymous_4)","decl":{"start":{"line":40,"column":13},"end":{"line":40,"column":14}},"loc":{"start":{"line":40,"column":19},"end":{"line":40,"column":38}},"line":40},"5":{"name":"(anonymous_5)","decl":{"start":{"line":43,"column":12},"end":{"line":43,"column":13}},"loc":{"start":{"line":43,"column":18},"end":{"line":47,"column":3}},"line":43},"6":{"name":"(anonymous_6)","decl":{"start":{"line":48,"column":21},"end":{"line":48,"column":22}},"loc":{"start":{"line":48,"column":40},"end":{"line":52,"column":3}},"line":48},"7":{"name":"(anonymous_7)","decl":{"start":{"line":54,"column":32},"end":{"line":54,"column":33}},"loc":{"start":{"line":54,"column":39},"end":{"line":54,"column":45}},"line":54},"8":{"name":"(anonymous_8)","decl":{"start":{"line":61,"column":4},"end":{"line":61,"column":5}},"loc":{"start":{"line":61,"column":11},"end":{"line":61,"column":49}},"line":61},"9":{"name":"(anonymous_9)","decl":{"start":{"line":74,"column":23},"end":{"line":74,"column":24}},"loc":{"start":{"line":74,"column":42},"end":{"line":83,"column":3}},"line":74},"10":{"name":"(anonymous_10)","decl":{"start":{"line":101,"column":29},"end":{"line":101,"column":30}},"loc":{"start":{"line":101,"column":35},"end":{"line":101,"column":60}},"line":101},"11":{"name":"(anonymous_11)","decl":{"start":{"line":108,"column":29},"end":{"line":108,"column":30}},"loc":{"start":{"line":108,"column":35},"end":{"line":108,"column":58}},"line":108},"12":{"name":"(anonymous_12)","decl":{"start":{"line":127,"column":32},"end":{"line":127,"column":33}},"loc":{"start":{"line":128,"column":18},"end":{"line":133,"column":20}},"line":128},"13":{"name":"(anonymous_13)","decl":{"start":{"line":132,"column":29},"end":{"line":132,"column":30}},"loc":{"start":{"line":132,"column":35},"end":{"line":132,"column":52}},"line":132}},"branchMap":{"0":{"loc":{"start":{"line":36,"column":4},"end":{"line":41,"column":5}},"type":"if","locations":[{"start":{"line":36,"column":4},"end":{"line":41,"column":5}},{"start":{},"end":{}}],"line":36},"1":{"loc":{"start":{"line":44,"column":4},"end":{"line":46,"column":5}},"type":"if","locations":[{"start":{"line":44,"column":4},"end":{"line":46,"column":5}},{"start":{},"end":{}}],"line":44},"2":{"loc":{"start":{"line":49,"column":4},"end":{"line":49,"column":60}},"type":"if","locations":[{"start":{"line":49,"column":4},"end":{"line":49,"column":60}},{"start":{},"end":{}}],"line":49},"3":{"loc":{"start":{"line":49,"column":8},"end":{"line":49,"column":51}},"type":"binary-expr","locations":[{"start":{"line":49,"column":8},"end":{"line":49,"column":20}},{"start":{"line":49,"column":24},"end":{"line":49,"column":37}},{"start":{"line":49,"column":41},"end":{"line":49,"column":51}}],"line":49},"4":{"loc":{"start":{"line":55,"column":27},"end":{"line":55,"column":78}},"type":"binary-expr","locations":[{"start":{"line":55,"column":27},"end":{"line":55,"column":33}},{"start":{"line":55,"column":37},"end":{"line":55,"column":45}},{"start":{"line":55,"column":49},"end":{"line":55,"column":60}},{"start":{"line":55,"column":64},"end":{"line":55,"column":78}}],"line":55},"5":{"loc":{"start":{"line":56,"column":19},"end":{"line":56,"column":59}},"type":"binary-expr","locations":[{"start":{"line":56,"column":19},"end":{"line":56,"column":26}},{"start":{"line":56,"column":30},"end":{"line":56,"column":41}},{"start":{"line":56,"column":45},"end":{"line":56,"column":59}}],"line":56},"6":{"loc":{"start":{"line":61,"column":11},"end":{"line":61,"column":49}},"type":"binary-expr","locations":[{"start":{"line":61,"column":11},"end":{"line":61,"column":22}},{"start":{"line":61,"column":26},"end":{"line":61,"column":49}}],"line":61},"7":{"loc":{"start":{"line":64,"column":2},"end":{"line":73,"column":3}},"type":"if","locations":[{"start":{"line":64,"column":2},"end":{"line":73,"column":3}},{"start":{},"end":{}}],"line":64},"8":{"loc":{"start":{"line":76,"column":4},"end":{"line":82,"column":5}},"type":"if","locations":[{"start":{"line":76,"column":4},"end":{"line":82,"column":5}},{"start":{},"end":{}}],"line":76},"9":{"loc":{"start":{"line":85,"column":4},"end":{"line":91,"column":5}},"type":"if","locations":[{"start":{"line":85,"column":4},"end":{"line":91,"column":5}},{"start":{},"end":{}}],"line":85},"10":{"loc":{"start":{"line":98,"column":9},"end":{"line":98,"column":47}},"type":"binary-expr","locations":[{"start":{"line":98,"column":9},"end":{"line":98,"column":19}},{"start":{"line":98,"column":23},"end":{"line":98,"column":47}}],"line":98},"11":{"loc":{"start":{"line":99,"column":9},"end":{"line":105,"column":9}},"type":"binary-expr","locations":[{"start":{"line":99,"column":9},"end":{"line":99,"column":22}},{"start":{"line":99,"column":26},"end":{"line":99,"column":32}},{"start":{"line":100,"column":10},"end":{"line":104,"column":16}}],"line":99},"12":{"loc":{"start":{"line":106,"column":9},"end":{"line":112,"column":9}},"type":"binary-expr","locations":[{"start":{"line":106,"column":9},"end":{"line":106,"column":25}},{"start":{"line":107,"column":10},"end":{"line":111,"column":16}}],"line":106},"13":{"loc":{"start":{"line":121,"column":11},"end":{"line":137,"column":11}},"type":"binary-expr","locations":[{"start":{"line":121,"column":11},"end":{"line":121,"column":19}},{"start":{"line":122,"column":12},"end":{"line":136,"column":15}}],"line":121},"14":{"loc":{"start":{"line":140,"column":11},"end":{"line":140,"column":61}},"type":"binary-expr","locations":[{"start":{"line":140,"column":11},"end":{"line":140,"column":24}},{"start":{"line":140,"column":28},"end":{"line":140,"column":61}}],"line":140}},"s":{"0":1,"1":11,"2":11,"3":19,"4":11,"5":11,"6":11,"7":6,"8":2,"9":0,"10":2,"11":2,"12":11,"13":6,"14":5,"15":11,"16":1,"17":0,"18":1,"19":1,"20":11,"21":11,"22":17,"23":11,"24":11,"25":11,"26":11,"27":11,"28":11,"29":22,"30":11,"31":11,"32":11,"33":11,"34":11,"35":11,"36":11,"37":11,"38":11,"39":88,"40":66,"41":11,"42":1,"43":1,"44":21,"45":1},"f":{"0":11,"1":19,"2":6,"3":0,"4":2,"5":6,"6":1,"7":17,"8":22,"9":11,"10":1,"11":1,"12":21,"13":1},"b":{"0":[2,4],"1":[5,1],"2":[0,1],"3":[1,1,1],"4":[11,11,5,3],"5":[11,11,8],"6":[22,22],"7":[11,0],"8":[11,0],"9":[66,22],"10":[11,3],"11":[11,1,1],"12":[11,3],"13":[11,7],"14":[11,1]},"_coverageSchema":"1a1c01bbd47fc00a2c39e90264f33305004495a9","hash":"de5af0e5bffdcaf9cb8ad1272d77fa8ab64eb05e"}
,"C:\\Users\\Andrey Desktop\\atomic-planning\\src\\components\\4-templates\\MainLayout\\main-layout.component.tsx": {"path":"C:\\Users\\Andrey Desktop\\atomic-planning\\src\\components\\4-templates\\MainLayout\\main-layout.component.tsx","statementMap":{"0":{"start":{"line":10,"column":26},"end":{"line":20,"column":1}},"1":{"start":{"line":11,"column":2},"end":{"line":19,"column":4}}},"fnMap":{"0":{"name":"(anonymous_0)","decl":{"start":{"line":10,"column":26},"end":{"line":10,"column":27}},"loc":{"start":{"line":10,"column":61},"end":{"line":20,"column":1}},"line":10}},"branchMap":{},"s":{"0":1,"1":2},"f":{"0":2},"b":{},"_coverageSchema":"1a1c01bbd47fc00a2c39e90264f33305004495a9","hash":"cbd3c30b11e1355ac040e4e2ca4b23d185c36042"}
,"C:\\Users\\Andrey Desktop\\atomic-planning\\src\\components\\5-pages\\HomePage\\home-page.component.tsx": {"path":"C:\\Users\\Andrey Desktop\\atomic-planning\\src\\components\\5-pages\\HomePage\\home-page.component.tsx","statementMap":{"0":{"start":{"line":14,"column":21},"end":{"line":34,"column":1}},"1":{"start":{"line":15,"column":19},"end":{"line":15,"column":35}},"2":{"start":{"line":16,"column":40},"end":{"line":16,"column":55}},"3":{"start":{"line":18,"column":2},"end":{"line":27,"column":17}},"4":{"start":{"line":19,"column":25},"end":{"line":25,"column":12}},"5":{"start":{"line":20,"column":6},"end":{"line":20,"column":27}},"6":{"start":{"line":21,"column":31},"end":{"line":23,"column":13}},"7":{"start":{"line":22,"column":8},"end":{"line":22,"column":46}},"8":{"start":{"line":24,"column":6},"end":{"line":24,"column":50}},"9":{"start":{"line":24,"column":19},"end":{"line":24,"column":49}},"10":{"start":{"line":26,"column":4},"end":{"line":26,"column":44}},"11":{"start":{"line":26,"column":17},"end":{"line":26,"column":43}},"12":{"start":{"line":29,"column":2},"end":{"line":33,"column":4}},"13":{"start":{"line":37,"column":27},"end":{"line":80,"column":1}},"14":{"start":{"line":39,"column":43},"end":{"line":39,"column":80}},"15":{"start":{"line":39,"column":69},"end":{"line":39,"column":79}},"16":{"start":{"line":42,"column":21},"end":{"line":42,"column":26}},"17":{"start":{"line":44,"column":2},"end":{"line":55,"column":3}},"18":{"start":{"line":47,"column":4},"end":{"line":47,"column":31}},"19":{"start":{"line":48,"column":9},"end":{"line":55,"column":3}},"20":{"start":{"line":51,"column":4},"end":{"line":51,"column":31}},"21":{"start":{"line":52,"column":9},"end":{"line":55,"column":3}},"22":{"start":{"line":54,"column":4},"end":{"line":54,"column":28}},"23":{"start":{"line":58,"column":22},"end":{"line":77,"column":3}},"24":{"start":{"line":59,"column":4},"end":{"line":76,"column":5}},"25":{"start":{"line":61,"column":8},"end":{"line":61,"column":32}},"26":{"start":{"line":63,"column":8},"end":{"line":63,"column":34}},"27":{"start":{"line":65,"column":8},"end":{"line":70,"column":10}},"28":{"start":{"line":72,"column":8},"end":{"line":72,"column":28}},"29":{"start":{"line":75,"column":8},"end":{"line":75,"column":34}},"30":{"start":{"line":79,"column":2},"end":{"line":79,"column":58}}},"fnMap":{"0":{"name":"(anonymous_0)","decl":{"start":{"line":14,"column":21},"end":{"line":14,"column":22}},"loc":{"start":{"line":14,"column":27},"end":{"line":34,"column":1}},"line":14},"1":{"name":"(anonymous_1)","decl":{"start":{"line":18,"column":12},"end":{"line":18,"column":13}},"loc":{"start":{"line":18,"column":18},"end":{"line":27,"column":3}},"line":18},"2":{"name":"(anonymous_2)","decl":{"start":{"line":19,"column":36},"end":{"line":19,"column":37}},"loc":{"start":{"line":19,"column":42},"end":{"line":25,"column":5}},"line":19},"3":{"name":"(anonymous_3)","decl":{"start":{"line":21,"column":42},"end":{"line":21,"column":43}},"loc":{"start":{"line":21,"column":48},"end":{"line":23,"column":7}},"line":21},"4":{"name":"(anonymous_4)","decl":{"start":{"line":24,"column":13},"end":{"line":24,"column":14}},"loc":{"start":{"line":24,"column":19},"end":{"line":24,"column":49}},"line":24},"5":{"name":"(anonymous_5)","decl":{"start":{"line":26,"column":11},"end":{"line":26,"column":12}},"loc":{"start":{"line":26,"column":17},"end":{"line":26,"column":43}},"line":26},"6":{"name":"(anonymous_6)","decl":{"start":{"line":37,"column":27},"end":{"line":37,"column":28}},"loc":{"start":{"line":37,"column":33},"end":{"line":80,"column":1}},"line":37},"7":{"name":"(anonymous_7)","decl":{"start":{"line":39,"column":58},"end":{"line":39,"column":59}},"loc":{"start":{"line":39,"column":69},"end":{"line":39,"column":79}},"line":39},"8":{"name":"(anonymous_8)","decl":{"start":{"line":58,"column":22},"end":{"line":58,"column":23}},"loc":{"start":{"line":58,"column":28},"end":{"line":77,"column":3}},"line":58}},"branchMap":{"0":{"loc":{"start":{"line":30,"column":37},"end":{"line":30,"column":66}},"type":"cond-expr","locations":[{"start":{"line":30,"column":51},"end":{"line":30,"column":61}},{"start":{"line":30,"column":64},"end":{"line":30,"column":66}}],"line":30},"1":{"loc":{"start":{"line":44,"column":2},"end":{"line":55,"column":3}},"type":"if","locations":[{"start":{"line":44,"column":2},"end":{"line":55,"column":3}},{"start":{"line":48,"column":9},"end":{"line":55,"column":3}}],"line":44},"2":{"loc":{"start":{"line":44,"column":6},"end":{"line":44,"column":30}},"type":"binary-expr","locations":[{"start":{"line":44,"column":6},"end":{"line":44,"column":14}},{"start":{"line":44,"column":18},"end":{"line":44,"column":30}}],"line":44},"3":{"loc":{"start":{"line":48,"column":9},"end":{"line":55,"column":3}},"type":"if","locations":[{"start":{"line":48,"column":9},"end":{"line":55,"column":3}},{"start":{"line":52,"column":9},"end":{"line":55,"column":3}}],"line":48},"4":{"loc":{"start":{"line":48,"column":13},"end":{"line":48,"column":36}},"type":"binary-expr","locations":[{"start":{"line":48,"column":13},"end":{"line":48,"column":21}},{"start":{"line":48,"column":25},"end":{"line":48,"column":36}}],"line":48},"5":{"loc":{"start":{"line":52,"column":9},"end":{"line":55,"column":3}},"type":"if","locations":[{"start":{"line":52,"column":9},"end":{"line":55,"column":3}},{"start":{},"end":{}}],"line":52},"6":{"loc":{"start":{"line":52,"column":13},"end":{"line":52,"column":49}},"type":"binary-expr","locations":[{"start":{"line":52,"column":13},"end":{"line":52,"column":22}},{"start":{"line":52,"column":26},"end":{"line":52,"column":49}}],"line":52},"7":{"loc":{"start":{"line":59,"column":4},"end":{"line":76,"column":5}},"type":"switch","locations":[{"start":{"line":60,"column":6},"end":{"line":61,"column":32}},{"start":{"line":62,"column":6},"end":{"line":63,"column":34}},{"start":{"line":64,"column":6},"end":{"line":70,"column":10}},{"start":{"line":71,"column":6},"end":{"line":72,"column":28}},{"start":{"line":73,"column":6},"end":{"line":75,"column":34}}],"line":59}},"s":{"0":1,"1":2,"2":2,"3":2,"4":2,"5":1,"6":1,"7":1,"8":1,"9":0,"10":2,"11":2,"12":2,"13":1,"14":6,"15":12,"16":6,"17":6,"18":1,"19":5,"20":1,"21":4,"22":2,"23":6,"24":6,"25":2,"26":2,"27":1,"28":1,"29":0,"30":6},"f":{"0":2,"1":2,"2":1,"3":1,"4":0,"5":2,"6":6,"7":12,"8":6},"b":{"0":[0,2],"1":[1,5],"2":[6,2],"3":[1,4],"4":[5,1],"5":[2,2],"6":[4,4],"7":[2,2,1,1,0]},"_coverageSchema":"1a1c01bbd47fc00a2c39e90264f33305004495a9","hash":"10c826257c1de664bf4fca1fb9de3f7d2b805b55"}
,"C:\\Users\\Andrey Desktop\\atomic-planning\\src\\hooks\\redux-hooks.ts": {"path":"C:\\Users\\Andrey Desktop\\atomic-planning\\src\\hooks\\redux-hooks.ts","statementMap":{"0":{"start":{"line":7,"column":49},"end":{"line":7,"column":60}},"1":{"start":{"line":8,"column":63},"end":{"line":8,"column":74}}},"fnMap":{},"branchMap":{},"s":{"0":10,"1":10},"f":{},"b":{},"_coverageSchema":"1a1c01bbd47fc00a2c39e90264f33305004495a9","hash":"6f99c4c6ac28e0fe0c79984dbc63756411b04952"}
,"C:\\Users\\Andrey Desktop\\atomic-planning\\src\\store\\store.ts": {"path":"C:\\Users\\Andrey Desktop\\atomic-planning\\src\\store\\store.ts","statementMap":{"0":{"start":{"line":9,"column":18},"end":{"line":35,"column":1}},"1":{"start":{"line":10,"column":2},"end":{"line":34,"column":3}},"2":{"start":{"line":11,"column":21},"end":{"line":11,"column":65}},"3":{"start":{"line":12,"column":4},"end":{"line":12,"column":36}},"4":{"start":{"line":12,"column":19},"end":{"line":12,"column":36}},"5":{"start":{"line":14,"column":32},"end":{"line":14,"column":62}},"6":{"start":{"line":15,"column":4},"end":{"line":15,"column":47}},"7":{"start":{"line":15,"column":30},"end":{"line":15,"column":47}},"8":{"start":{"line":17,"column":22},"end":{"line":17,"column":66}},"9":{"start":{"line":21,"column":26},"end":{"line":21,"column":65}},"10":{"start":{"line":22,"column":4},"end":{"line":27,"column":5}},"11":{"start":{"line":23,"column":19},"end":{"line":23,"column":70}},"12":{"start":{"line":23,"column":47},"end":{"line":23,"column":69}},"13":{"start":{"line":24,"column":6},"end":{"line":24,"column":43}},"14":{"start":{"line":26,"column":6},"end":{"line":26,"column":35}},"15":{"start":{"line":29,"column":4},"end":{"line":29,"column":21}},"16":{"start":{"line":32,"column":4},"end":{"line":32,"column":47}},"17":{"start":{"line":33,"column":4},"end":{"line":33,"column":21}},"18":{"start":{"line":37,"column":23},"end":{"line":37,"column":34}},"19":{"start":{"line":39,"column":21},"end":{"line":47,"column":2}},"20":{"start":{"line":44,"column":4},"end":{"line":44,"column":71}}},"fnMap":{"0":{"name":"(anonymous_0)","decl":{"start":{"line":9,"column":18},"end":{"line":9,"column":19}},"loc":{"start":{"line":9,"column":47},"end":{"line":35,"column":1}},"line":9},"1":{"name":"(anonymous_1)","decl":{"start":{"line":23,"column":42},"end":{"line":23,"column":43}},"loc":{"start":{"line":23,"column":47},"end":{"line":23,"column":69}},"line":23},"2":{"name":"(anonymous_2)","decl":{"start":{"line":43,"column":14},"end":{"line":43,"column":15}},"loc":{"start":{"line":44,"column":4},"end":{"line":44,"column":71}},"line":44}},"branchMap":{"0":{"loc":{"start":{"line":12,"column":4},"end":{"line":12,"column":36}},"type":"if","locations":[{"start":{"line":12,"column":4},"end":{"line":12,"column":36}},{"start":{},"end":{}}],"line":12},"1":{"loc":{"start":{"line":15,"column":4},"end":{"line":15,"column":47}},"type":"if","locations":[{"start":{"line":15,"column":4},"end":{"line":15,"column":47}},{"start":{},"end":{}}],"line":15},"2":{"loc":{"start":{"line":22,"column":4},"end":{"line":27,"column":5}},"type":"if","locations":[{"start":{"line":22,"column":4},"end":{"line":27,"column":5}},{"start":{"line":25,"column":11},"end":{"line":27,"column":5}}],"line":22},"3":{"loc":{"start":{"line":24,"column":30},"end":{"line":24,"column":42}},"type":"binary-expr","locations":[{"start":{"line":24,"column":30},"end":{"line":24,"column":34}},{"start":{"line":24,"column":38},"end":{"line":24,"column":42}}],"line":24},"4":{"loc":{"start":{"line":46,"column":18},"end":{"line":46,"column":71}},"type":"cond-expr","locations":[{"start":{"line":46,"column":35},"end":{"line":46,"column":59}},{"start":{"line":46,"column":62},"end":{"line":46,"column":71}}],"line":46}},"s":{"0":1,"1":1,"2":1,"3":1,"4":0,"5":1,"6":1,"7":0,"8":1,"9":1,"10":1,"11":1,"12":1,"13":1,"14":0,"15":1,"16":0,"17":0,"18":1,"19":1,"20":1},"f":{"0":1,"1":1,"2":1},"b":{"0":[0,1],"1":[0,1],"2":[1,0],"3":[1,0],"4":[1,0]},"_coverageSchema":"1a1c01bbd47fc00a2c39e90264f33305004495a9","hash":"6f082459bb6713e6ca60f8dc2a8c4700bae11f63"}
,"C:\\Users\\Andrey Desktop\\atomic-planning\\src\\store\\middleware\\localStorage.ts": {"path":"C:\\Users\\Andrey Desktop\\atomic-planning\\src\\store\\middleware\\localStorage.ts","statementMap":{"0":{"start":{"line":6,"column":43},"end":{"line":46,"column":1}},"1":{"start":{"line":6,"column":52},"end":{"line":46,"column":1}},"2":{"start":{"line":6,"column":60},"end":{"line":46,"column":1}},"3":{"start":{"line":7,"column":17},"end":{"line":7,"column":29}},"4":{"start":{"line":9,"column":27},"end":{"line":16,"column":3}},"5":{"start":{"line":18,"column":2},"end":{"line":43,"column":3}},"6":{"start":{"line":19,"column":4},"end":{"line":42,"column":5}},"7":{"start":{"line":20,"column":31},"end":{"line":20,"column":47}},"8":{"start":{"line":23,"column":6},"end":{"line":30,"column":7}},"9":{"start":{"line":24,"column":32},"end":{"line":24,"column":58}},"10":{"start":{"line":25,"column":8},"end":{"line":27,"column":9}},"11":{"start":{"line":26,"column":10},"end":{"line":26,"column":69}},"12":{"start":{"line":29,"column":8},"end":{"line":29,"column":64}},"13":{"start":{"line":33,"column":6},"end":{"line":36,"column":7}},"14":{"start":{"line":35,"column":8},"end":{"line":35,"column":75}},"15":{"start":{"line":38,"column":6},"end":{"line":41,"column":7}},"16":{"start":{"line":40,"column":8},"end":{"line":40,"column":51}},"17":{"start":{"line":45,"column":2},"end":{"line":45,"column":16}}},"fnMap":{"0":{"name":"(anonymous_0)","decl":{"start":{"line":6,"column":43},"end":{"line":6,"column":44}},"loc":{"start":{"line":6,"column":52},"end":{"line":46,"column":1}},"line":6},"1":{"name":"(anonymous_1)","decl":{"start":{"line":6,"column":52},"end":{"line":6,"column":53}},"loc":{"start":{"line":6,"column":60},"end":{"line":46,"column":1}},"line":6},"2":{"name":"(anonymous_2)","decl":{"start":{"line":6,"column":60},"end":{"line":6,"column":61}},"loc":{"start":{"line":6,"column":70},"end":{"line":46,"column":1}},"line":6}},"branchMap":{"0":{"loc":{"start":{"line":18,"column":2},"end":{"line":43,"column":3}},"type":"if","locations":[{"start":{"line":18,"column":2},"end":{"line":43,"column":3}},{"start":{},"end":{}}],"line":18},"1":{"loc":{"start":{"line":19,"column":4},"end":{"line":42,"column":5}},"type":"if","locations":[{"start":{"line":19,"column":4},"end":{"line":42,"column":5}},{"start":{},"end":{}}],"line":19},"2":{"loc":{"start":{"line":25,"column":8},"end":{"line":27,"column":9}},"type":"if","locations":[{"start":{"line":25,"column":8},"end":{"line":27,"column":9}},{"start":{},"end":{}}],"line":25},"3":{"loc":{"start":{"line":33,"column":6},"end":{"line":36,"column":7}},"type":"if","locations":[{"start":{"line":33,"column":6},"end":{"line":36,"column":7}},{"start":{},"end":{}}],"line":33},"4":{"loc":{"start":{"line":33,"column":10},"end":{"line":33,"column":67}},"type":"binary-expr","locations":[{"start":{"line":33,"column":10},"end":{"line":33,"column":41}},{"start":{"line":33,"column":45},"end":{"line":33,"column":67}}],"line":33},"5":{"loc":{"start":{"line":38,"column":6},"end":{"line":41,"column":7}},"type":"if","locations":[{"start":{"line":38,"column":6},"end":{"line":41,"column":7}},{"start":{},"end":{}}],"line":38}},"s":{"0":2,"1":9,"2":9,"3":13,"4":13,"5":13,"6":13,"7":12,"8":12,"9":12,"10":12,"11":9,"12":1,"13":12,"14":4,"15":12,"16":1,"17":13},"f":{"0":9,"1":9,"2":13},"b":{"0":[13,0],"1":[12,1],"2":[9,3],"3":[4,8],"4":[12,4],"5":[1,11]},"_coverageSchema":"1a1c01bbd47fc00a2c39e90264f33305004495a9","hash":"05c12296d1083686e451536c738237bfd1a8a42c"}
,"C:\\Users\\Andrey Desktop\\atomic-planning\\src\\store\\slices\\gameSlice.ts": {"path":"C:\\Users\\Andrey Desktop\\atomic-planning\\src\\store\\slices\\gameSlice.ts","statementMap":{"0":{"start":{"line":26,"column":26},"end":{"line":39,"column":1}},"1":{"start":{"line":42,"column":32},"end":{"line":52,"column":1}},"2":{"start":{"line":54,"column":18},"end":{"line":153,"column":2}},"3":{"start":{"line":59,"column":6},"end":{"line":59,"column":35}},"4":{"start":{"line":62,"column":6},"end":{"line":62,"column":38}},"5":{"start":{"line":63,"column":6},"end":{"line":63,"column":32}},"6":{"start":{"line":69,"column":29},"end":{"line":69,"column":43}},"7":{"start":{"line":70,"column":32},"end":{"line":74,"column":7}},"8":{"start":{"line":75,"column":6},"end":{"line":77,"column":7}},"9":{"start":{"line":76,"column":8},"end":{"line":76,"column":36}},"10":{"start":{"line":78,"column":6},"end":{"line":78,"column":36}},"11":{"start":{"line":79,"column":6},"end":{"line":79,"column":36}},"12":{"start":{"line":80,"column":6},"end":{"line":80,"column":32}},"13":{"start":{"line":83,"column":23},"end":{"line":83,"column":37}},"14":{"start":{"line":84,"column":28},"end":{"line":84,"column":72}},"15":{"start":{"line":84,"column":54},"end":{"line":84,"column":71}},"16":{"start":{"line":86,"column":6},"end":{"line":90,"column":7}},"17":{"start":{"line":88,"column":8},"end":{"line":89,"column":67}},"18":{"start":{"line":93,"column":6},"end":{"line":96,"column":7}},"19":{"start":{"line":94,"column":8},"end":{"line":95,"column":71}},"20":{"start":{"line":102,"column":38},"end":{"line":102,"column":52}},"21":{"start":{"line":103,"column":28},"end":{"line":103,"column":72}},"22":{"start":{"line":103,"column":54},"end":{"line":103,"column":71}},"23":{"start":{"line":104,"column":6},"end":{"line":106,"column":7}},"24":{"start":{"line":105,"column":8},"end":{"line":105,"column":39}},"25":{"start":{"line":107,"column":6},"end":{"line":109,"column":7}},"26":{"start":{"line":108,"column":8},"end":{"line":108,"column":43}},"27":{"start":{"line":113,"column":6},"end":{"line":115,"column":7}},"28":{"start":{"line":113,"column":36},"end":{"line":113,"column":59}},"29":{"start":{"line":114,"column":8},"end":{"line":114,"column":38}},"30":{"start":{"line":118,"column":23},"end":{"line":118,"column":37}},"31":{"start":{"line":119,"column":19},"end":{"line":121,"column":14}},"32":{"start":{"line":120,"column":39},"end":{"line":120,"column":69}},"33":{"start":{"line":122,"column":6},"end":{"line":125,"column":8}},"34":{"start":{"line":128,"column":6},"end":{"line":128,"column":26}},"35":{"start":{"line":131,"column":6},"end":{"line":131,"column":30}},"36":{"start":{"line":132,"column":6},"end":{"line":132,"column":34}},"37":{"start":{"line":135,"column":6},"end":{"line":135,"column":31}},"38":{"start":{"line":136,"column":6},"end":{"line":136,"column":33}},"39":{"start":{"line":139,"column":6},"end":{"line":139,"column":40}},"40":{"start":{"line":143,"column":6},"end":{"line":145,"column":9}},"41":{"start":{"line":144,"column":8},"end":{"line":144,"column":27}},"42":{"start":{"line":146,"column":6},"end":{"line":148,"column":7}},"43":{"start":{"line":147,"column":8},"end":{"line":147,"column":38}},"44":{"start":{"line":149,"column":6},"end":{"line":149,"column":31}},"45":{"start":{"line":150,"column":6},"end":{"line":150,"column":34}},"46":{"start":{"line":169,"column":4},"end":{"line":169,"column":21}}},"fnMap":{"0":{"name":"(anonymous_0)","decl":{"start":{"line":58,"column":18},"end":{"line":58,"column":19}},"loc":{"start":{"line":58,"column":63},"end":{"line":60,"column":5}},"line":58},"1":{"name":"(anonymous_1)","decl":{"start":{"line":61,"column":16},"end":{"line":61,"column":17}},"loc":{"start":{"line":61,"column":58},"end":{"line":64,"column":5}},"line":61},"2":{"name":"(anonymous_2)","decl":{"start":{"line":65,"column":14},"end":{"line":65,"column":15}},"loc":{"start":{"line":68,"column":9},"end":{"line":81,"column":5}},"line":68},"3":{"name":"(anonymous_3)","decl":{"start":{"line":82,"column":22},"end":{"line":82,"column":23}},"loc":{"start":{"line":82,"column":64},"end":{"line":97,"column":5}},"line":82},"4":{"name":"(anonymous_4)","decl":{"start":{"line":84,"column":47},"end":{"line":84,"column":48}},"loc":{"start":{"line":84,"column":54},"end":{"line":84,"column":71}},"line":84},"5":{"name":"(anonymous_5)","decl":{"start":{"line":98,"column":16},"end":{"line":98,"column":17}},"loc":{"start":{"line":101,"column":9},"end":{"line":110,"column":5}},"line":101},"6":{"name":"(anonymous_6)","decl":{"start":{"line":103,"column":47},"end":{"line":103,"column":48}},"loc":{"start":{"line":103,"column":54},"end":{"line":103,"column":71}},"line":103},"7":{"name":"(anonymous_7)","decl":{"start":{"line":112,"column":16},"end":{"line":112,"column":17}},"loc":{"start":{"line":112,"column":58},"end":{"line":116,"column":5}},"line":112},"8":{"name":"(anonymous_8)","decl":{"start":{"line":113,"column":29},"end":{"line":113,"column":30}},"loc":{"start":{"line":113,"column":36},"end":{"line":113,"column":59}},"line":113},"9":{"name":"(anonymous_9)","decl":{"start":{"line":117,"column":15},"end":{"line":117,"column":16}},"loc":{"start":{"line":117,"column":60},"end":{"line":126,"column":5}},"line":117},"10":{"name":"(anonymous_10)","decl":{"start":{"line":120,"column":32},"end":{"line":120,"column":33}},"loc":{"start":{"line":120,"column":39},"end":{"line":120,"column":69}},"line":120},"11":{"name":"(anonymous_11)","decl":{"start":{"line":127,"column":15},"end":{"line":127,"column":16}},"loc":{"start":{"line":127,"column":21},"end":{"line":129,"column":5}},"line":127},"12":{"name":"(anonymous_12)","decl":{"start":{"line":130,"column":17},"end":{"line":130,"column":18}},"loc":{"start":{"line":130,"column":28},"end":{"line":133,"column":5}},"line":130},"13":{"name":"(anonymous_13)","decl":{"start":{"line":134,"column":19},"end":{"line":134,"column":20}},"loc":{"start":{"line":134,"column":30},"end":{"line":137,"column":5}},"line":134},"14":{"name":"(anonymous_14)","decl":{"start":{"line":138,"column":19},"end":{"line":138,"column":20}},"loc":{"start":{"line":138,"column":63},"end":{"line":140,"column":5}},"line":138},"15":{"name":"(anonymous_15)","decl":{"start":{"line":142,"column":19},"end":{"line":142,"column":20}},"loc":{"start":{"line":142,"column":30},"end":{"line":151,"column":5}},"line":142},"16":{"name":"(anonymous_16)","decl":{"start":{"line":143,"column":28},"end":{"line":143,"column":29}},"loc":{"start":{"line":143,"column":40},"end":{"line":145,"column":7}},"line":143}},"branchMap":{"0":{"loc":{"start":{"line":75,"column":6},"end":{"line":77,"column":7}},"type":"if","locations":[{"start":{"line":75,"column":6},"end":{"line":77,"column":7}},{"start":{},"end":{}}],"line":75},"1":{"loc":{"start":{"line":86,"column":6},"end":{"line":90,"column":7}},"type":"if","locations":[{"start":{"line":86,"column":6},"end":{"line":90,"column":7}},{"start":{},"end":{}}],"line":86},"2":{"loc":{"start":{"line":89,"column":10},"end":{"line":89,"column":66}},"type":"cond-expr","locations":[{"start":{"line":89,"column":44},"end":{"line":89,"column":55}},{"start":{"line":89,"column":58},"end":{"line":89,"column":66}}],"line":89},"3":{"loc":{"start":{"line":93,"column":6},"end":{"line":96,"column":7}},"type":"if","locations":[{"start":{"line":93,"column":6},"end":{"line":96,"column":7}},{"start":{},"end":{}}],"line":93},"4":{"loc":{"start":{"line":93,"column":10},"end":{"line":93,"column":64}},"type":"binary-expr","locations":[{"start":{"line":93,"column":10},"end":{"line":93,"column":27}},{"start":{"line":93,"column":31},"end":{"line":93,"column":64}}],"line":93},"5":{"loc":{"start":{"line":95,"column":10},"end":{"line":95,"column":70}},"type":"cond-expr","locations":[{"start":{"line":95,"column":48},"end":{"line":95,"column":59}},{"start":{"line":95,"column":62},"end":{"line":95,"column":70}}],"line":95},"6":{"loc":{"start":{"line":104,"column":6},"end":{"line":106,"column":7}},"type":"if","locations":[{"start":{"line":104,"column":6},"end":{"line":106,"column":7}},{"start":{},"end":{}}],"line":104},"7":{"loc":{"start":{"line":107,"column":6},"end":{"line":109,"column":7}},"type":"if","locations":[{"start":{"line":107,"column":6},"end":{"line":109,"column":7}},{"start":{},"end":{}}],"line":107},"8":{"loc":{"start":{"line":107,"column":10},"end":{"line":107,"column":64}},"type":"binary-expr","locations":[{"start":{"line":107,"column":10},"end":{"line":107,"column":27}},{"start":{"line":107,"column":31},"end":{"line":107,"column":64}}],"line":107},"9":{"loc":{"start":{"line":113,"column":6},"end":{"line":115,"column":7}},"type":"if","locations":[{"start":{"line":113,"column":6},"end":{"line":115,"column":7}},{"start":{},"end":{}}],"line":113},"10":{"loc":{"start":{"line":119,"column":19},"end":{"line":121,"column":14}},"type":"cond-expr","locations":[{"start":{"line":120,"column":10},"end":{"line":120,"column":70}},{"start":{"line":121,"column":10},"end":{"line":121,"column":14}}],"line":119},"11":{"loc":{"start":{"line":124,"column":21},"end":{"line":124,"column":33}},"type":"binary-expr","locations":[{"start":{"line":124,"column":21},"end":{"line":124,"column":25}},{"start":{"line":124,"column":29},"end":{"line":124,"column":33}}],"line":124},"12":{"loc":{"start":{"line":146,"column":6},"end":{"line":148,"column":7}},"type":"if","locations":[{"start":{"line":146,"column":6},"end":{"line":148,"column":7}},{"start":{},"end":{}}],"line":146}},"s":{"0":12,"1":12,"2":12,"3":2,"4":7,"5":7,"6":10,"7":10,"8":10,"9":9,"10":10,"11":10,"12":10,"13":0,"14":0,"15":0,"16":0,"17":0,"18":0,"19":0,"20":4,"21":4,"22":4,"23":4,"24":3,"25":4,"26":3,"27":3,"28":3,"29":2,"30":1,"31":1,"32":1,"33":1,"34":2,"35":2,"36":2,"37":1,"38":1,"39":2,"40":2,"41":3,"42":2,"43":2,"44":2,"45":2,"46":12},"f":{"0":2,"1":7,"2":10,"3":0,"4":0,"5":4,"6":4,"7":3,"8":3,"9":1,"10":1,"11":2,"12":2,"13":1,"14":2,"15":2,"16":3},"b":{"0":[9,1],"1":[0,0],"2":[0,0],"3":[0,0],"4":[0,0],"5":[0,0],"6":[3,1],"7":[3,1],"8":[4,4],"9":[2,1],"10":[1,0],"11":[1,1],"12":[2,0]},"_coverageSchema":"1a1c01bbd47fc00a2c39e90264f33305004495a9","hash":"b7b480223ca7bb305bf002d567bf20fd604c4b43"}
,"C:\\Users\\Andrey Desktop\\atomic-planning\\src\\utils\\validators.ts": {"path":"C:\\Users\\Andrey Desktop\\atomic-planning\\src\\utils\\validators.ts","statementMap":{"0":{"start":{"line":4,"column":32},"end":{"line":5,"column":48}},"1":{"start":{"line":5,"column":2},"end":{"line":5,"column":48}},"2":{"start":{"line":8,"column":30},"end":{"line":9,"column":92}},"3":{"start":{"line":9,"column":2},"end":{"line":9,"column":92}},"4":{"start":{"line":12,"column":36},"end":{"line":13,"column":71}},"5":{"start":{"line":13,"column":2},"end":{"line":13,"column":71}},"6":{"start":{"line":16,"column":38},"end":{"line":17,"column":63}},"7":{"start":{"line":17,"column":2},"end":{"line":17,"column":63}},"8":{"start":{"line":20,"column":34},"end":{"line":23,"column":1}},"9":{"start":{"line":21,"column":18},"end":{"line":21,"column":41}},"10":{"start":{"line":22,"column":2},"end":{"line":22,"column":67}},"11":{"start":{"line":26,"column":34},"end":{"line":31,"column":1}},"12":{"start":{"line":27,"column":18},"end":{"line":29,"column":33}},"13":{"start":{"line":28,"column":14},"end":{"line":28,"column":29}},"14":{"start":{"line":30,"column":2},"end":{"line":30,"column":62}},"15":{"start":{"line":40,"column":28},"end":{"line":68,"column":1}},"16":{"start":{"line":42,"column":2},"end":{"line":42,"column":25}},"17":{"start":{"line":42,"column":13},"end":{"line":42,"column":25}},"18":{"start":{"line":44,"column":21},"end":{"line":50,"column":3}},"19":{"start":{"line":52,"column":2},"end":{"line":57,"column":3}},"20":{"start":{"line":53,"column":19},"end":{"line":53,"column":34}},"21":{"start":{"line":54,"column":4},"end":{"line":56,"column":5}},"22":{"start":{"line":55,"column":6},"end":{"line":55,"column":20}},"23":{"start":{"line":60,"column":2},"end":{"line":65,"column":3}},"24":{"start":{"line":61,"column":29},"end":{"line":61,"column":68}},"25":{"start":{"line":62,"column":4},"end":{"line":64,"column":5}},"26":{"start":{"line":63,"column":6},"end":{"line":63,"column":30}},"27":{"start":{"line":67,"column":2},"end":{"line":67,"column":14}}},"fnMap":{"0":{"name":"(anonymous_0)","decl":{"start":{"line":4,"column":32},"end":{"line":4,"column":33}},"loc":{"start":{"line":5,"column":2},"end":{"line":5,"column":48}},"line":5},"1":{"name":"(anonymous_1)","decl":{"start":{"line":8,"column":30},"end":{"line":8,"column":31}},"loc":{"start":{"line":9,"column":2},"end":{"line":9,"column":92}},"line":9},"2":{"name":"(anonymous_2)","decl":{"start":{"line":12,"column":36},"end":{"line":12,"column":37}},"loc":{"start":{"line":13,"column":2},"end":{"line":13,"column":71}},"line":13},"3":{"name":"(anonymous_3)","decl":{"start":{"line":16,"column":38},"end":{"line":16,"column":39}},"loc":{"start":{"line":17,"column":2},"end":{"line":17,"column":63}},"line":17},"4":{"name":"(anonymous_4)","decl":{"start":{"line":20,"column":34},"end":{"line":20,"column":35}},"loc":{"start":{"line":20,"column":66},"end":{"line":23,"column":1}},"line":20},"5":{"name":"(anonymous_5)","decl":{"start":{"line":26,"column":34},"end":{"line":26,"column":35}},"loc":{"start":{"line":26,"column":92},"end":{"line":31,"column":1}},"line":26},"6":{"name":"(anonymous_6)","decl":{"start":{"line":28,"column":9},"end":{"line":28,"column":10}},"loc":{"start":{"line":28,"column":14},"end":{"line":28,"column":29}},"line":28},"7":{"name":"(anonymous_7)","decl":{"start":{"line":40,"column":28},"end":{"line":40,"column":29}},"loc":{"start":{"line":40,"column":91},"end":{"line":68,"column":1}},"line":40}},"branchMap":{"0":{"loc":{"start":{"line":5,"column":2},"end":{"line":5,"column":48}},"type":"binary-expr","locations":[{"start":{"line":5,"column":2},"end":{"line":5,"column":18}},{"start":{"line":5,"column":22},"end":{"line":5,"column":48}}],"line":5},"1":{"loc":{"start":{"line":9,"column":2},"end":{"line":9,"column":92}},"type":"binary-expr","locations":[{"start":{"line":9,"column":3},"end":{"line":9,"column":19}},{"start":{"line":9,"column":23},"end":{"line":9,"column":40}},{"start":{"line":9,"column":45},"end":{"line":9,"column":92}}],"line":9},"2":{"loc":{"start":{"line":13,"column":2},"end":{"line":13,"column":71}},"type":"binary-expr","locations":[{"start":{"line":13,"column":2},"end":{"line":13,"column":28}},{"start":{"line":13,"column":32},"end":{"line":13,"column":71}}],"line":13},"3":{"loc":{"start":{"line":17,"column":2},"end":{"line":17,"column":63}},"type":"binary-expr","locations":[{"start":{"line":17,"column":2},"end":{"line":17,"column":21}},{"start":{"line":17,"column":25},"end":{"line":17,"column":63}}],"line":17},"4":{"loc":{"start":{"line":21,"column":18},"end":{"line":21,"column":41}},"type":"binary-expr","locations":[{"start":{"line":21,"column":18},"end":{"line":21,"column":35}},{"start":{"line":21,"column":39},"end":{"line":21,"column":41}}],"line":21},"5":{"loc":{"start":{"line":22,"column":9},"end":{"line":22,"column":66}},"type":"binary-expr","locations":[{"start":{"line":22,"column":9},"end":{"line":22,"column":28}},{"start":{"line":22,"column":32},"end":{"line":22,"column":66}}],"line":22},"6":{"loc":{"start":{"line":30,"column":9},"end":{"line":30,"column":61}},"type":"binary-expr","locations":[{"start":{"line":30,"column":9},"end":{"line":30,"column":17}},{"start":{"line":30,"column":21},"end":{"line":30,"column":61}}],"line":30},"7":{"loc":{"start":{"line":40,"column":43},"end":{"line":40,"column":71}},"type":"default-arg","locations":[{"start":{"line":40,"column":69},"end":{"line":40,"column":71}}],"line":40},"8":{"loc":{"start":{"line":42,"column":2},"end":{"line":42,"column":25}},"type":"if","locations":[{"start":{"line":42,"column":2},"end":{"line":42,"column":25}},{"start":{},"end":{}}],"line":42},"9":{"loc":{"start":{"line":54,"column":4},"end":{"line":56,"column":5}},"type":"if","locations":[{"start":{"line":54,"column":4},"end":{"line":56,"column":5}},{"start":{},"end":{}}],"line":54},"10":{"loc":{"start":{"line":60,"column":2},"end":{"line":65,"column":3}},"type":"if","locations":[{"start":{"line":60,"column":2},"end":{"line":65,"column":3}},{"start":{},"end":{}}],"line":60},"11":{"loc":{"start":{"line":62,"column":4},"end":{"line":64,"column":5}},"type":"if","locations":[{"start":{"line":62,"column":4},"end":{"line":64,"column":5}},{"start":{},"end":{}}],"line":62}},"s":{"0":3,"1":15,"2":3,"3":18,"4":3,"5":12,"6":3,"7":11,"8":3,"9":14,"10":14,"11":3,"12":9,"13":17,"14":9,"15":3,"16":14,"17":0,"18":14,"19":14,"20":53,"21":53,"22":5,"23":9,"24":6,"25":6,"26":2,"27":7},"f":{"0":15,"1":18,"2":12,"3":11,"4":14,"5":9,"6":17,"7":14},"b":{"0":[15,4],"1":[18,13,6],"2":[12,2],"3":[11,1],"4":[14,5],"5":[14,2],"6":[9,4],"7":[5],"8":[0,14],"9":[5,48],"10":[6,3],"11":[2,4]},"_coverageSchema":"1a1c01bbd47fc00a2c39e90264f33305004495a9","hash":"b1b8f925fef7a5b109f1873ca257a57a9230241f"}
}
