TN:
SF:src\App.tsx
FN:8,App
FN:11,(anonymous_1)
FN:13,(anonymous_2)
FN:14,(anonymous_3)
FN:30,(anonymous_4)
FNF:5
FNH:5
FNDA:5,App
FNDA:5,(anonymous_1)
FNDA:5,(anonymous_2)
FNDA:3,(anonymous_3)
FNDA:5,(anonymous_4)
DA:9,5
DA:11,5
DA:13,5
DA:14,5
DA:16,3
DA:17,2
DA:19,2
DA:20,2
DA:21,1
DA:23,1
DA:28,5
DA:30,5
DA:31,5
DA:36,5
LF:14
LH:14
BRDA:16,0,0,2
BRDA:16,0,1,1
BRDA:16,1,0,3
BRDA:16,1,1,3
BRDA:16,1,2,2
BRF:5
BRH:5
end_of_record
TN:
SF:src\components\1-atoms\Button\button.component.tsx
FN:11,(anonymous_0)
FNF:1
FNH:1
FNDA:71,(anonymous_0)
DA:11,7
DA:17,71
DA:19,71
LF:3
LH:3
BRDA:13,0,0,39
BRF:1
BRH:1
end_of_record
TN:
SF:src\components\1-atoms\Card\card.component.tsx
FN:9,(anonymous_0)
FNF:1
FNH:1
FNDA:13,(anonymous_0)
DA:9,2
DA:10,13
LF:2
LH:2
BRF:0
BRH:0
end_of_record
TN:
SF:src\components\1-atoms\EmptySeat\empty-seat.component.tsx
FN:6,(anonymous_0)
FNF:1
FNH:1
FNDA:49,(anonymous_0)
DA:6,2
DA:7,49
LF:2
LH:2
BRF:0
BRH:0
end_of_record
TN:
SF:src\components\1-atoms\Input\input.component.tsx
FN:10,(anonymous_0)
FNF:1
FNH:1
FNDA:42,(anonymous_0)
DA:10,4
DA:11,42
DA:13,42
LF:3
LH:3
BRDA:11,0,0,9
BRDA:11,0,1,33
BRDA:16,1,0,42
BRDA:16,1,1,33
BRF:4
BRH:4
end_of_record
TN:
SF:src\components\1-atoms\Logo\logo.component.tsx
FN:13,(anonymous_0)
FN:106,(anonymous_1)
FNF:2
FNH:2
FNDA:15,(anonymous_0)
FNDA:15,(anonymous_1)
DA:13,2
DA:14,15
DA:106,2
DA:107,15
DA:109,15
LF:5
LH:5
BRDA:13,0,0,0
BRDA:16,1,0,1
BRDA:16,1,1,14
BRDA:106,2,0,4
BRF:4
BRH:3
end_of_record
TN:
SF:src\components\1-atoms\PokerCard\poker-card.component.tsx
FN:13,(anonymous_0)
FN:18,(anonymous_1)
FNF:2
FNH:2
FNDA:5,(anonymous_0)
FNDA:1,(anonymous_1)
DA:13,1
DA:15,5
DA:17,5
DA:18,1
LF:4
LH:4
BRDA:15,0,0,1
BRDA:15,0,1,4
BRF:2
BRH:2
end_of_record
TN:
SF:src\components\2-molecules\InputField\input-field.component.tsx
FN:38,(anonymous_0)
FNF:1
FNH:1
FNDA:34,(anonymous_0)
DA:38,3
DA:39,34
DA:40,34
DA:41,34
DA:43,34
DA:45,34
LF:6
LH:6
BRDA:40,0,0,34
BRDA:40,0,1,33
BRDA:43,1,0,8
BRDA:43,1,1,26
BRDA:53,2,0,8
BRDA:53,2,1,26
BRDA:56,3,0,34
BRDA:56,3,1,8
BRF:8
BRH:8
end_of_record
TN:
SF:src\components\2-molecules\PlayerCard\player-card.component.tsx
FN:12,(anonymous_0)
FN:13,(anonymous_1)
FNF:2
FNH:2
FNDA:16,(anonymous_0)
FNDA:32,(anonymous_1)
DA:12,2
DA:13,32
DA:14,16
DA:15,16
DA:17,16
DA:21,16
LF:6
LH:6
BRDA:18,0,0,7
BRDA:18,0,1,9
BRDA:19,1,0,2
BRDA:19,1,1,14
BRDA:19,2,0,16
BRDA:19,2,1,4
BRDA:24,3,0,16
BRDA:24,3,1,4
BRDA:24,3,2,2
BRDA:30,4,0,16
BRDA:30,4,1,1
BRF:11
BRH:11
end_of_record
TN:
SF:src\components\2-molecules\PlayerSeat\player-seat.component.tsx
FN:12,(anonymous_0)
FN:15,(anonymous_1)
FN:17,(anonymous_2)
FNF:3
FNH:3
FNDA:19,(anonymous_0)
FNDA:21,(anonymous_1)
FNDA:42,(anonymous_2)
DA:12,2
DA:13,19
DA:15,2
DA:17,42
DA:20,21
DA:22,21
DA:23,21
DA:27,21
LF:8
LH:8
BRDA:12,0,0,0
BRDA:23,1,0,13
BRDA:23,1,1,8
BRDA:24,2,0,2
BRDA:24,2,1,19
BRDA:24,3,0,21
BRDA:24,3,1,4
BRDA:30,4,0,2
BRDA:30,4,1,19
BRDA:30,5,0,21
BRDA:30,5,1,4
BRDA:41,6,0,21
BRDA:41,6,1,9
BRF:13
BRH:12
end_of_record
TN:
SF:src\components\2-molecules\RoleSelector\role-selector.component.tsx
FN:12,(anonymous_0)
FN:24,(anonymous_1)
FN:35,(anonymous_2)
FNF:3
FNH:2
FNDA:15,(anonymous_0)
FNDA:0,(anonymous_1)
FNDA:1,(anonymous_2)
DA:12,2
DA:16,15
DA:24,0
DA:35,1
LF:4
LH:3
BRF:0
BRH:0
end_of_record
TN:
SF:src\components\2-molecules\VoteCounterAnimation\vote-counter-animation.component.tsx
FN:6,(anonymous_0)
FNF:1
FNH:1
FNDA:4,(anonymous_0)
DA:6,1
DA:7,4
LF:2
LH:2
BRF:0
BRH:0
end_of_record
TN:
SF:src\components\2-molecules\VoteSummary\vote-summary.component.tsx
FN:7,(anonymous_0)
FN:9,(anonymous_1)
FN:10,(anonymous_2)
FN:11,(anonymous_3)
FN:15,(anonymous_4)
FN:23,(anonymous_5)
FN:27,(anonymous_6)
FN:34,(anonymous_7)
FN:40,(anonymous_8)
FN:55,(anonymous_9)
FN:62,(anonymous_10)
FNF:11
FNH:11
FNDA:4,(anonymous_0)
FNDA:15,(anonymous_1)
FNDA:15,(anonymous_2)
FNDA:8,(anonymous_3)
FNDA:8,(anonymous_4)
FNDA:4,(anonymous_5)
FNDA:15,(anonymous_6)
FNDA:11,(anonymous_7)
FNDA:7,(anonymous_8)
FNDA:4,(anonymous_9)
FNDA:11,(anonymous_10)
DA:7,1
DA:8,4
DA:9,15
DA:10,15
DA:11,8
DA:13,4
DA:15,8
DA:16,3
DA:18,3
DA:23,1
DA:24,4
DA:27,4
DA:28,15
DA:29,13
DA:34,11
DA:40,4
DA:41,7
DA:42,7
DA:44,7
DA:45,3
DA:47,4
DA:48,4
DA:49,1
DA:52,4
DA:55,1
DA:56,4
DA:57,4
DA:59,4
DA:63,11
LF:29
LH:29
BRDA:10,0,0,15
BRDA:10,0,1,13
BRDA:13,1,0,1
BRDA:13,1,1,3
BRDA:28,2,0,13
BRDA:28,2,1,2
BRDA:29,3,0,13
BRDA:29,3,1,11
BRDA:44,4,0,3
BRDA:44,4,1,4
BRDA:44,5,0,7
BRDA:44,5,1,3
BRDA:47,6,0,0
BRDA:47,6,1,4
BRDA:48,7,0,3
BRDA:48,7,1,1
BRDA:74,8,0,9
BRDA:74,8,1,2
BRDA:80,9,0,4
BRDA:80,9,1,3
BRF:20
BRH:19
end_of_record
TN:
SF:src\components\3-organisms\CreateGameForm\create-game-form.component.tsx
FN:11,(anonymous_0)
FN:17,(anonymous_1)
FN:23,(anonymous_2)
FNF:3
FNH:3
FNDA:10,(anonymous_0)
FNDA:4,(anonymous_1)
FNDA:1,(anonymous_2)
DA:11,1
DA:12,10
DA:14,10
DA:15,10
DA:17,10
DA:18,4
DA:19,4
DA:20,4
DA:23,10
DA:24,1
DA:25,1
DA:26,1
DA:27,0
DA:28,0
DA:30,1
DA:33,10
DA:35,10
LF:17
LH:15
BRDA:26,0,0,0
BRDA:26,0,1,1
BRDA:33,1,0,10
BRDA:33,1,1,8
BRF:4
BRH:3
end_of_record
TN:
SF:src\components\3-organisms\GameHeader\game-header.component.tsx
FN:10,(anonymous_0)
FN:13,(anonymous_1)
FN:20,(anonymous_2)
FN:26,(anonymous_3)
FN:64,(anonymous_4)
FN:72,(anonymous_5)
FN:76,(anonymous_6)
FN:81,(anonymous_7)
FNF:8
FNH:5
FNDA:12,(anonymous_0)
FNDA:12,(anonymous_1)
FNDA:21,(anonymous_2)
FNDA:2,(anonymous_3)
FNDA:1,(anonymous_4)
FNDA:0,(anonymous_5)
FNDA:0,(anonymous_6)
FNDA:0,(anonymous_7)
DA:10,1
DA:11,12
DA:13,1
DA:14,12
DA:15,12
DA:16,12
DA:19,12
DA:20,21
DA:23,12
DA:26,12
DA:27,2
DA:29,2
DA:31,1
DA:34,1
DA:38,12
DA:64,1
DA:72,0
DA:76,0
DA:81,0
LF:19
LH:16
BRDA:10,0,0,0
BRDA:27,1,0,0
BRDA:27,1,1,2
BRDA:29,2,0,1
BRDA:29,2,1,1
BRDA:44,3,0,12
BRDA:44,3,1,12
BRDA:53,4,0,9
BRDA:53,4,1,3
BRDA:56,5,0,3
BRDA:56,5,1,0
BRDA:71,6,0,12
BRDA:71,6,1,1
BRDA:75,7,0,12
BRDA:75,7,1,1
BRDA:80,8,0,12
BRDA:80,8,1,1
BRF:17
BRH:14
end_of_record
TN:
SF:src\components\3-organisms\Header\header.component.tsx
FNF:0
FNH:0
LF:0
LH:0
BRF:0
BRH:0
end_of_record
TN:
SF:src\components\3-organisms\HostPrivilegesModal\host-privileges-modal.component.tsx
FN:166,(anonymous_0)
FN:175,(anonymous_1)
FN:184,(anonymous_2)
FN:189,(anonymous_3)
FN:195,(anonymous_4)
FN:206,(anonymous_5)
FN:214,(anonymous_6)
FN:240,(anonymous_7)
FN:245,(anonymous_8)
FN:282,(anonymous_9)
FN:284,(anonymous_10)
FNF:11
FNH:10
FNDA:3,(anonymous_0)
FNDA:11,(anonymous_1)
FNDA:19,(anonymous_2)
FNDA:2,(anonymous_3)
FNDA:1,(anonymous_4)
FNDA:0,(anonymous_5)
FNDA:1,(anonymous_6)
FNDA:132,(anonymous_7)
FNDA:2,(anonymous_8)
FNDA:1,(anonymous_9)
FNDA:18,(anonymous_10)
DA:164,1
DA:165,1
DA:166,1
DA:167,3
DA:168,3
DA:169,32
DA:170,32
DA:172,3
DA:175,1
DA:178,11
DA:184,19
DA:186,11
DA:187,11
DA:189,11
DA:190,2
DA:191,2
DA:192,2
DA:195,11
DA:196,1
DA:197,1
DA:198,1
DA:199,1
DA:200,1
DA:201,1
DA:202,1
DA:206,11
DA:207,0
DA:208,0
DA:214,11
DA:215,1
DA:216,1
DA:217,1
DA:219,1
DA:222,11
DA:224,11
DA:226,11
DA:241,132
DA:245,2
DA:282,1
DA:285,18
LF:40
LH:38
BRDA:207,0,0,0
BRDA:207,0,1,0
BRDA:216,1,0,1
BRDA:216,1,1,0
BRDA:224,2,0,11
BRDA:224,2,1,0
BRDA:256,3,0,11
BRDA:256,3,1,9
BRDA:264,4,0,9
BRDA:264,4,1,0
BRDA:272,5,0,11
BRDA:272,5,1,9
BRDA:281,6,0,9
BRDA:281,6,1,0
BRDA:287,7,0,9
BRDA:287,7,1,9
BRF:16
BRH:10
end_of_record
TN:
SF:src\components\3-organisms\InviteModal\invite-modal.component.tsx
FN:12,(anonymous_0)
FN:14,(anonymous_1)
FN:19,(anonymous_2)
FN:20,(anonymous_3)
FN:22,(anonymous_4)
FN:23,(anonymous_5)
FN:30,(anonymous_6)
FNF:7
FNH:5
FNDA:3,(anonymous_0)
FNDA:6,(anonymous_1)
FNDA:1,(anonymous_2)
FNDA:1,(anonymous_3)
FNDA:0,(anonymous_4)
FNDA:0,(anonymous_5)
FNDA:2,(anonymous_6)
DA:12,1
DA:13,3
DA:14,6
DA:17,3
DA:19,3
DA:20,1
DA:21,1
DA:22,1
DA:24,0
DA:28,3
DA:30,2
LF:11
LH:10
BRDA:38,0,0,0
BRDA:38,0,1,3
BRF:2
BRH:1
end_of_record
TN:
SF:src\components\3-organisms\JoinGameForm\join-game-form.component.tsx
FN:15,(anonymous_0)
FN:18,(anonymous_1)
FN:19,(anonymous_2)
FN:27,(anonymous_3)
FN:34,(anonymous_4)
FNF:5
FNH:5
FNDA:10,(anonymous_0)
FNDA:16,(anonymous_1)
FNDA:11,(anonymous_2)
FNDA:4,(anonymous_3)
FNDA:1,(anonymous_4)
DA:15,1
DA:16,10
DA:18,16
DA:19,11
DA:21,10
DA:22,10
DA:24,10
DA:27,10
DA:28,4
DA:29,4
DA:31,4
DA:34,10
DA:35,1
DA:37,1
DA:38,1
DA:39,0
DA:40,0
DA:43,1
DA:47,10
DA:49,10
LF:20
LH:18
BRDA:38,0,0,0
BRDA:38,0,1,1
BRDA:47,1,0,10
BRDA:47,1,1,8
BRF:4
BRH:3
end_of_record
TN:
SF:src\components\3-organisms\RoleChangeModal\role-change-modal.component.tsx
FN:12,(anonymous_0)
FN:14,(anonymous_1)
FN:22,(anonymous_2)
FN:30,(anonymous_3)
FNF:4
FNH:4
FNDA:5,(anonymous_0)
FNDA:10,(anonymous_1)
FNDA:1,(anonymous_2)
FNDA:2,(anonymous_3)
DA:12,1
DA:13,5
DA:14,10
DA:16,5
DA:19,4
DA:20,4
DA:22,4
DA:23,1
DA:24,1
DA:27,4
DA:30,2
LF:11
LH:11
BRDA:16,0,0,1
BRDA:16,0,1,4
BRDA:19,1,0,3
BRDA:19,1,1,1
BRDA:20,2,0,3
BRDA:20,2,1,1
BRF:6
BRH:6
end_of_record
TN:
SF:src\components\4-templates\GameRoom\game-room.component.tsx
FN:22,(anonymous_0)
FN:32,(anonymous_1)
FN:35,(anonymous_2)
FN:37,(anonymous_3)
FN:40,(anonymous_4)
FN:43,(anonymous_5)
FN:48,(anonymous_6)
FN:54,(anonymous_7)
FN:61,(anonymous_8)
FN:74,(anonymous_9)
FN:101,(anonymous_10)
FN:108,(anonymous_11)
FN:127,(anonymous_12)
FN:132,(anonymous_13)
FNF:14
FNH:13
FNDA:11,(anonymous_0)
FNDA:19,(anonymous_1)
FNDA:6,(anonymous_2)
FNDA:0,(anonymous_3)
FNDA:2,(anonymous_4)
FNDA:6,(anonymous_5)
FNDA:1,(anonymous_6)
FNDA:17,(anonymous_7)
FNDA:22,(anonymous_8)
FNDA:11,(anonymous_9)
FNDA:1,(anonymous_10)
FNDA:1,(anonymous_11)
FNDA:21,(anonymous_12)
FNDA:1,(anonymous_13)
DA:22,1
DA:24,11
DA:32,19
DA:33,11
DA:34,11
DA:35,11
DA:36,6
DA:37,2
DA:38,0
DA:40,2
DA:43,11
DA:44,6
DA:45,5
DA:48,11
DA:49,1
DA:50,1
DA:51,1
DA:53,11
DA:54,17
DA:55,11
DA:56,11
DA:57,11
DA:58,11
DA:59,11
DA:60,11
DA:61,22
DA:63,11
DA:64,11
DA:65,11
DA:74,11
DA:75,11
DA:76,11
DA:77,11
DA:84,11
DA:85,88
DA:86,66
DA:95,11
DA:101,1
DA:108,1
DA:128,21
DA:132,1
LF:41
LH:40
BRDA:36,0,0,2
BRDA:36,0,1,4
BRDA:44,1,0,5
BRDA:44,1,1,1
BRDA:49,2,0,0
BRDA:49,2,1,1
BRDA:49,3,0,1
BRDA:49,3,1,1
BRDA:49,3,2,1
BRDA:55,4,0,11
BRDA:55,4,1,11
BRDA:55,4,2,5
BRDA:55,4,3,3
BRDA:56,5,0,11
BRDA:56,5,1,11
BRDA:56,5,2,8
BRDA:61,6,0,22
BRDA:61,6,1,22
BRDA:64,7,0,11
BRDA:64,7,1,0
BRDA:76,8,0,11
BRDA:76,8,1,0
BRDA:85,9,0,66
BRDA:85,9,1,22
BRDA:98,10,0,11
BRDA:98,10,1,3
BRDA:99,11,0,11
BRDA:99,11,1,1
BRDA:99,11,2,1
BRDA:106,12,0,11
BRDA:106,12,1,3
BRDA:121,13,0,11
BRDA:121,13,1,7
BRDA:140,14,0,11
BRDA:140,14,1,1
BRF:35
BRH:32
end_of_record
TN:
SF:src\components\4-templates\MainLayout\main-layout.component.tsx
FN:10,(anonymous_0)
FNF:1
FNH:1
FNDA:2,(anonymous_0)
DA:10,1
DA:11,2
LF:2
LH:2
BRF:0
BRH:0
end_of_record
TN:
SF:src\components\5-pages\HomePage\home-page.component.tsx
FN:14,(anonymous_0)
FN:18,(anonymous_1)
FN:19,(anonymous_2)
FN:21,(anonymous_3)
FN:24,(anonymous_4)
FN:26,(anonymous_5)
FN:37,(anonymous_6)
FN:39,(anonymous_7)
FN:58,(anonymous_8)
FNF:9
FNH:8
FNDA:2,(anonymous_0)
FNDA:2,(anonymous_1)
FNDA:1,(anonymous_2)
FNDA:1,(anonymous_3)
FNDA:0,(anonymous_4)
FNDA:2,(anonymous_5)
FNDA:6,(anonymous_6)
FNDA:12,(anonymous_7)
FNDA:6,(anonymous_8)
DA:14,1
DA:15,2
DA:16,2
DA:18,2
DA:19,2
DA:20,1
DA:21,1
DA:22,1
DA:24,1
DA:26,2
DA:29,2
DA:37,1
DA:39,12
DA:42,6
DA:44,6
DA:47,1
DA:48,5
DA:51,1
DA:52,4
DA:54,2
DA:58,6
DA:59,6
DA:61,2
DA:63,2
DA:65,1
DA:72,1
DA:75,0
DA:79,6
LF:28
LH:27
BRDA:30,0,0,0
BRDA:30,0,1,2
BRDA:44,1,0,1
BRDA:44,1,1,5
BRDA:44,2,0,6
BRDA:44,2,1,2
BRDA:48,3,0,1
BRDA:48,3,1,4
BRDA:48,4,0,5
BRDA:48,4,1,1
BRDA:52,5,0,2
BRDA:52,5,1,2
BRDA:52,6,0,4
BRDA:52,6,1,4
BRDA:59,7,0,2
BRDA:59,7,1,2
BRDA:59,7,2,1
BRDA:59,7,3,1
BRDA:59,7,4,0
BRF:19
BRH:17
end_of_record
TN:
SF:src\hooks\redux-hooks.ts
FNF:0
FNH:0
DA:7,10
DA:8,10
LF:2
LH:2
BRF:0
BRH:0
end_of_record
TN:
SF:src\store\store.ts
FN:9,(anonymous_0)
FN:23,(anonymous_1)
FN:43,(anonymous_2)
FNF:3
FNH:3
FNDA:1,(anonymous_0)
FNDA:1,(anonymous_1)
FNDA:1,(anonymous_2)
DA:9,1
DA:10,1
DA:11,1
DA:12,1
DA:14,1
DA:15,1
DA:17,1
DA:21,1
DA:22,1
DA:23,1
DA:24,1
DA:26,0
DA:29,1
DA:32,0
DA:33,0
DA:37,1
DA:39,1
DA:44,1
LF:18
LH:15
BRDA:12,0,0,0
BRDA:12,0,1,1
BRDA:15,1,0,0
BRDA:15,1,1,1
BRDA:22,2,0,1
BRDA:22,2,1,0
BRDA:24,3,0,1
BRDA:24,3,1,0
BRDA:46,4,0,1
BRDA:46,4,1,0
BRF:10
BRH:5
end_of_record
TN:
SF:src\store\middleware\localStorage.ts
FN:6,(anonymous_0)
FN:6,(anonymous_1)
FN:6,(anonymous_2)
FNF:3
FNH:3
FNDA:9,(anonymous_0)
FNDA:9,(anonymous_1)
FNDA:13,(anonymous_2)
DA:6,9
DA:7,13
DA:9,13
DA:18,13
DA:19,13
DA:20,12
DA:23,12
DA:24,12
DA:25,12
DA:26,9
DA:29,1
DA:33,12
DA:35,4
DA:38,12
DA:40,1
DA:45,13
LF:16
LH:16
BRDA:18,0,0,13
BRDA:18,0,1,0
BRDA:19,1,0,12
BRDA:19,1,1,1
BRDA:25,2,0,9
BRDA:25,2,1,3
BRDA:33,3,0,4
BRDA:33,3,1,8
BRDA:33,4,0,12
BRDA:33,4,1,4
BRDA:38,5,0,1
BRDA:38,5,1,11
BRF:12
BRH:11
end_of_record
TN:
SF:src\store\slices\gameSlice.ts
FN:58,(anonymous_0)
FN:61,(anonymous_1)
FN:65,(anonymous_2)
FN:82,(anonymous_3)
FN:84,(anonymous_4)
FN:98,(anonymous_5)
FN:103,(anonymous_6)
FN:112,(anonymous_7)
FN:113,(anonymous_8)
FN:117,(anonymous_9)
FN:120,(anonymous_10)
FN:127,(anonymous_11)
FN:130,(anonymous_12)
FN:134,(anonymous_13)
FN:138,(anonymous_14)
FN:142,(anonymous_15)
FN:143,(anonymous_16)
FNF:17
FNH:15
FNDA:2,(anonymous_0)
FNDA:7,(anonymous_1)
FNDA:10,(anonymous_2)
FNDA:0,(anonymous_3)
FNDA:0,(anonymous_4)
FNDA:4,(anonymous_5)
FNDA:4,(anonymous_6)
FNDA:3,(anonymous_7)
FNDA:3,(anonymous_8)
FNDA:1,(anonymous_9)
FNDA:1,(anonymous_10)
FNDA:2,(anonymous_11)
FNDA:2,(anonymous_12)
FNDA:1,(anonymous_13)
FNDA:2,(anonymous_14)
FNDA:2,(anonymous_15)
FNDA:3,(anonymous_16)
DA:26,12
DA:42,12
DA:54,12
DA:59,2
DA:62,7
DA:63,7
DA:69,10
DA:70,10
DA:75,10
DA:76,9
DA:78,10
DA:79,10
DA:80,10
DA:83,0
DA:84,0
DA:86,0
DA:88,0
DA:93,0
DA:94,0
DA:102,4
DA:103,4
DA:104,4
DA:105,3
DA:107,4
DA:108,3
DA:113,3
DA:114,2
DA:118,1
DA:119,1
DA:120,1
DA:122,1
DA:128,2
DA:131,2
DA:132,2
DA:135,1
DA:136,1
DA:139,2
DA:143,2
DA:144,3
DA:146,2
DA:147,2
DA:149,2
DA:150,2
DA:169,12
LF:44
LH:38
BRDA:75,0,0,9
BRDA:75,0,1,1
BRDA:86,1,0,0
BRDA:86,1,1,0
BRDA:89,2,0,0
BRDA:89,2,1,0
BRDA:93,3,0,0
BRDA:93,3,1,0
BRDA:93,4,0,0
BRDA:93,4,1,0
BRDA:95,5,0,0
BRDA:95,5,1,0
BRDA:104,6,0,3
BRDA:104,6,1,1
BRDA:107,7,0,3
BRDA:107,7,1,1
BRDA:107,8,0,4
BRDA:107,8,1,4
BRDA:113,9,0,2
BRDA:113,9,1,1
BRDA:119,10,0,1
BRDA:119,10,1,0
BRDA:124,11,0,1
BRDA:124,11,1,1
BRDA:146,12,0,2
BRDA:146,12,1,0
BRF:26
BRH:14
end_of_record
TN:
SF:src\utils\validators.ts
FN:4,(anonymous_0)
FN:8,(anonymous_1)
FN:12,(anonymous_2)
FN:16,(anonymous_3)
FN:20,(anonymous_4)
FN:26,(anonymous_5)
FN:28,(anonymous_6)
FN:40,(anonymous_7)
FNF:8
FNH:8
FNDA:15,(anonymous_0)
FNDA:18,(anonymous_1)
FNDA:12,(anonymous_2)
FNDA:11,(anonymous_3)
FNDA:14,(anonymous_4)
FNDA:9,(anonymous_5)
FNDA:17,(anonymous_6)
FNDA:14,(anonymous_7)
DA:4,3
DA:5,15
DA:8,3
DA:9,18
DA:12,3
DA:13,12
DA:16,3
DA:17,11
DA:20,3
DA:21,14
DA:22,14
DA:26,3
DA:27,9
DA:28,17
DA:30,9
DA:40,3
DA:42,14
DA:44,14
DA:52,14
DA:53,53
DA:54,53
DA:55,5
DA:60,9
DA:61,6
DA:62,6
DA:63,2
DA:67,7
LF:27
LH:27
BRDA:5,0,0,15
BRDA:5,0,1,4
BRDA:9,1,0,18
BRDA:9,1,1,13
BRDA:9,1,2,6
BRDA:13,2,0,12
BRDA:13,2,1,2
BRDA:17,3,0,11
BRDA:17,3,1,1
BRDA:21,4,0,14
BRDA:21,4,1,5
BRDA:22,5,0,14
BRDA:22,5,1,2
BRDA:30,6,0,9
BRDA:30,6,1,4
BRDA:40,7,0,5
BRDA:42,8,0,0
BRDA:42,8,1,14
BRDA:54,9,0,5
BRDA:54,9,1,48
BRDA:60,10,0,6
BRDA:60,10,1,3
BRDA:62,11,0,2
BRDA:62,11,1,4
BRF:24
BRH:23
end_of_record
